ral_id|query_id|source|sink
0|1769618787|1|900000000
0|1769618787|900000000|0
0|1769618787|0|900000001
0|1769618787|900000001|2
0|231028540|1|900000002
0|231028540|900000002|0
0|231028540|0|900000003
0|231028540|900000003|2
0|648186118|1|900000000
0|648186118|900000000|0
0|648186118|0|900000001
0|648186118|900000001|2
0|1318612479|3|900000002
0|1318612479|900000002|2
0|1318612479|2|900000003
0|1318612479|900000003|1
0|1318612479|1|900000004
0|1318612479|900000004|0
0|1318612479|0|900000005
0|1318612479|900000005|4
0|1115485788|3|900000000
0|1115485788|900000000|2
0|1115485788|2|900000001
0|1115485788|900000001|1
0|1115485788|1|900000002
0|1115485788|900000002|0
0|1115485788|0|900000003
0|1115485788|900000003|4
0|2104635874|3|900000000
0|2104635874|900000000|2
0|2104635874|2|900000001
0|2104635874|900000001|1
0|2104635874|1|900000002
0|2104635874|900000002|0
0|2104635874|0|900000003
0|2104635874|900000003|4
0|945842022|3|900000004
0|945842022|900000004|2
0|945842022|2|900000005
0|945842022|900000005|1
0|945842022|1|900000006
0|945842022|900000006|0
0|945842022|0|900000007
0|945842022|900000007|4
0|894101908|1|900000008
0|894101908|900000008|0
0|894101908|0|900000009
0|894101908|900000009|2
0|1062368339|3|900000010
0|1062368339|900000010|2
0|1062368339|2|900000011
0|1062368339|900000011|1
0|1062368339|1|900000012
0|1062368339|900000012|0
0|1062368339|0|900000013
0|1062368339|900000013|4
0|480070447|3|900000014
0|480070447|900000014|2
0|480070447|2|900000015
0|480070447|900000015|1
0|480070447|1|900000016
0|480070447|900000016|0
0|480070447|0|900000017
0|480070447|900000017|4
0|1815791814|3|900000018
0|1815791814|900000018|2
0|1815791814|2|900000019
0|1815791814|900000019|1
0|1815791814|1|900000020
0|1815791814|900000020|0
0|1815791814|0|900000021
0|1815791814|900000021|4
0|1732054543|3|900000022
0|1732054543|900000022|2
0|1732054543|2|900000023
0|1732054543|900000023|1
0|1732054543|1|900000024
0|1732054543|900000024|0
0|1732054543|0|900000025
0|1732054543|900000025|4
0|1677963042|3|900000026
0|1677963042|900000026|2
0|1677963042|2|900000027
0|1677963042|900000027|1
0|1677963042|1|900000028
0|1677963042|900000028|0
0|1677963042|0|900000029
0|1677963042|900000029|4
0|114710096|3|900000030
0|114710096|900000030|2
0|114710096|2|900000031
0|114710096|900000031|1
0|114710096|1|900000032
0|114710096|900000032|0
0|114710096|0|900000033
0|114710096|900000033|4
0|22301832|3|900000034
0|22301832|900000034|2
0|22301832|2|900000035
0|22301832|900000035|1
0|22301832|1|900000036
0|22301832|900000036|0
0|22301832|0|900000037
0|22301832|900000037|4
0|1617314485|3|900000038
0|1617314485|900000038|2
0|1617314485|2|900000039
0|1617314485|900000039|1
0|1617314485|1|900000040
0|1617314485|900000040|0
0|1617314485|0|900000041
0|1617314485|900000041|4
0|1291270184|1|900000042
0|1291270184|900000042|0
0|1291270184|0|900000043
0|1291270184|900000043|2
0|632273272|3|900000000
0|632273272|900000000|2
0|632273272|2|900000001
0|632273272|900000001|1
0|632273272|1|900000002
0|632273272|900000002|0
0|632273272|0|900000003
0|632273272|900000003|4
0|1455289496|1|900000004
0|1455289496|900000004|0
0|1455289496|0|900000005
0|1455289496|900000005|2
0|1804513459|3|900000006
0|1804513459|900000006|2
0|1804513459|2|900000007
0|1804513459|900000007|1
0|1804513459|1|900000008
0|1804513459|900000008|0
0|1804513459|0|900000009
0|1804513459|900000009|4
0|2030158333|1|900000010
0|2030158333|900000010|0
0|2030158333|0|900000011
0|2030158333|900000011|2
0|561310104|3|900000012
0|561310104|900000012|2
0|561310104|2|900000013
0|561310104|900000013|1
0|561310104|1|900000014
0|561310104|900000014|0
0|561310104|0|900000015
0|561310104|900000015|4
0|1215787452|3|900000016
0|1215787452|900000016|2
0|1215787452|2|900000017
0|1215787452|900000017|1
0|1215787452|1|900000018
0|1215787452|900000018|0
0|1215787452|0|900000019
0|1215787452|900000019|4
0|1858294253|1|900000020
0|1858294253|900000020|0
0|1858294253|0|900000021
0|1858294253|900000021|2
0|28161553|3|900000022
0|28161553|900000022|2
0|28161553|2|900000023
0|28161553|900000023|1
0|28161553|1|900000024
0|28161553|900000024|0
0|28161553|0|900000025
0|28161553|900000025|4
0|909541191|1|900000026
0|909541191|900000026|0
0|909541191|0|900000027
0|909541191|900000027|2
0|1500016454|1|900000028
0|1500016454|900000028|0
0|1500016454|0|900000029
0|1500016454|900000029|2
0|987628143|3|900000030
0|987628143|900000030|2
0|987628143|2|900000031
0|987628143|900000031|1
0|987628143|1|900000032
0|987628143|900000032|0
0|987628143|0|900000033
0|987628143|900000033|4
0|1094635657|1|900000034
0|1094635657|900000034|0
0|1094635657|0|900000035
0|1094635657|900000035|2
0|1799310835|2|900000036
0|1799310835|900000036|1
0|1799310835|1|900000037
0|1799310835|900000037|0
0|1799310835|0|900000038
0|1799310835|900000038|3
0|1570947790|2|900000039
0|1570947790|900000039|1
0|1570947790|1|900000040
0|1570947790|900000040|0
0|1570947790|0|900000041
0|1570947790|900000041|3
0|618949459|1|900000042
0|618949459|900000042|0
0|618949459|0|900000043
0|618949459|900000043|2
0|1755100745|1|900000044
0|1755100745|900000044|0
0|1755100745|0|900000045
0|1755100745|900000045|2
0|1523437723|2|900000046
0|1523437723|900000046|1
0|1523437723|1|900000047
0|1523437723|900000047|0
0|1523437723|0|900000048
0|1523437723|900000048|3
0|1137548767|2|900000049
0|1137548767|900000049|1
0|1137548767|1|900000050
0|1137548767|900000050|0
0|1137548767|0|900000051
0|1137548767|900000051|3
0|2102121298|2|900000052
0|2102121298|900000052|1
0|2102121298|1|900000053
0|2102121298|900000053|0
0|2102121298|0|900000054
0|2102121298|900000054|3
0|702494168|2|900000055
0|702494168|900000055|1
0|702494168|1|900000056
0|702494168|900000056|0
0|702494168|0|900000057
0|702494168|900000057|3
0|1570794929|6|900000058
0|1570794929|900000058|5
0|1570794929|5|900000059
0|1570794929|900000059|4
0|1570794929|4|900000060
0|1570794929|900000060|3
0|1570794929|3|900000061
0|1570794929|900000061|2
0|1570794929|3|900000062
0|1570794929|900000062|2
0|1570794929|2|900000063
0|1570794929|900000063|1
0|1570794929|2|900000064
0|1570794929|900000064|1
0|1570794929|2|900000065
0|1570794929|900000065|1
0|1570794929|2|900000066
0|1570794929|900000066|1
0|1570794929|2|900000067
0|1570794929|900000067|1
0|1570794929|2|900000068
0|1570794929|900000068|1
0|1570794929|2|900000069
0|1570794929|900000069|1
0|1570794929|2|900000070
0|1570794929|900000070|1
0|1570794929|1|900000071
0|1570794929|900000071|0
0|1570794929|0|900000072
0|1570794929|900000072|7
0|759217367|1|900000073
0|759217367|900000073|0
0|759217367|0|900000074
0|759217367|900000074|2
0|1790848970|2|900000075
0|1790848970|900000075|1
0|1790848970|1|900000076
0|1790848970|900000076|0
0|1790848970|0|900000077
0|1790848970|900000077|3
0|794829222|2|900000078
0|794829222|900000078|1
0|794829222|1|900000079
0|794829222|900000079|0
0|794829222|0|900000080
0|794829222|900000080|3
0|909517477|2|900000081
0|909517477|900000081|1
0|909517477|1|900000082
0|909517477|900000082|0
0|909517477|0|900000083
0|909517477|900000083|3
0|651099984|2|900000084
0|651099984|900000084|1
0|651099984|1|900000085
0|651099984|900000085|0
0|651099984|0|900000086
0|651099984|900000086|3
0|1789947287|2|900000087
0|1789947287|900000087|1
0|1789947287|1|900000088
0|1789947287|900000088|0
0|1789947287|0|900000089
0|1789947287|900000089|3
0|1881180230|2|900000090
0|1881180230|900000090|1
0|1881180230|1|900000091
0|1881180230|900000091|0
0|1881180230|0|900000092
0|1881180230|900000092|3
0|897855442|2|900000093
0|897855442|900000093|1
0|897855442|1|900000094
0|897855442|900000094|0
0|897855442|0|900000095
0|897855442|900000095|3
0|451130979|2|900000096
0|451130979|900000096|1
0|451130979|1|900000097
0|451130979|900000097|0
0|451130979|0|900000098
0|451130979|900000098|3
0|1422094015|2|900000099
0|1422094015|900000099|1
0|1422094015|1|900000100
0|1422094015|900000100|0
0|1422094015|0|900000101
0|1422094015|900000101|3
0|2008573414|2|900000102
0|2008573414|900000102|1
0|2008573414|1|900000103
0|2008573414|900000103|0
0|2008573414|0|900000104
0|2008573414|900000104|3
0|91382213|2|900000105
0|91382213|900000105|1
0|91382213|1|900000106
0|91382213|900000106|0
0|91382213|0|900000107
0|91382213|900000107|3
0|2104317678|2|900000108
0|2104317678|900000108|1
0|2104317678|1|900000109
0|2104317678|900000109|0
0|2104317678|0|900000110
0|2104317678|900000110|3
0|369205808|2|900000111
0|369205808|900000111|1
0|369205808|1|900000112
0|369205808|900000112|0
0|369205808|0|900000113
0|369205808|900000113|3
0|1309546376|2|900000114
0|1309546376|900000114|1
0|1309546376|1|900000115
0|1309546376|900000115|0
0|1309546376|0|900000116
0|1309546376|900000116|3
0|1679682461|2|900000117
0|1679682461|900000117|1
0|1679682461|1|900000118
0|1679682461|900000118|0
0|1679682461|0|900000119
0|1679682461|900000119|3
0|1058545297|2|900000120
0|1058545297|900000120|1
0|1058545297|1|900000121
0|1058545297|900000121|0
0|1058545297|0|900000122
0|1058545297|900000122|3
0|952192214|2|900000123
0|952192214|900000123|1
0|952192214|1|900000124
0|952192214|900000124|0
0|952192214|0|900000125
0|952192214|900000125|3
0|12987316|2|900000126
0|12987316|900000126|1
0|12987316|1|900000127
0|12987316|900000127|0
0|12987316|0|900000128
0|12987316|900000128|3
0|852047981|1|900000000
0|852047981|900000000|0
0|852047981|0|900000001
0|852047981|900000001|2
0|1305941014|3|900000002
0|1305941014|900000002|2
0|1305941014|2|900000003
0|1305941014|900000003|1
0|1305941014|1|900000004
0|1305941014|900000004|0
0|1305941014|0|900000005
0|1305941014|900000005|4
0|2028514878|1|900000006
0|2028514878|900000006|0
0|2028514878|0|900000007
0|2028514878|900000007|2
0|1188424914|3|900000008
0|1188424914|900000008|2
0|1188424914|2|900000009
0|1188424914|900000009|1
0|1188424914|1|900000010
0|1188424914|900000010|0
0|1188424914|0|900000011
0|1188424914|900000011|4
0|1428847728|1|900000000
0|1428847728|900000000|0
0|1428847728|0|900000001
0|1428847728|900000001|2
0|1630856498|3|900000002
0|1630856498|900000002|2
0|1630856498|2|900000003
0|1630856498|900000003|1
0|1630856498|1|900000004
0|1630856498|900000004|0
0|1630856498|0|900000005
0|1630856498|900000005|4
0|1359779851|1|900000006
0|1359779851|900000006|0
0|1359779851|0|900000007
0|1359779851|900000007|2
0|169223086|3|900000008
0|169223086|900000008|2
0|169223086|2|900000009
0|169223086|900000009|1
0|169223086|1|900000010
0|169223086|900000010|0
0|169223086|0|900000011
0|169223086|900000011|4
0|2120341879|1|900000012
0|2120341879|900000012|0
0|2120341879|0|900000013
0|2120341879|900000013|2
0|815895617|1|900000014
0|815895617|900000014|0
0|815895617|0|900000015
0|815895617|900000015|2
0|921915610|6|900000016
0|921915610|900000016|5
0|921915610|5|900000017
0|921915610|900000017|4
0|921915610|4|900000018
0|921915610|900000018|3
0|921915610|3|900000019
0|921915610|900000019|2
0|921915610|3|900000020
0|921915610|900000020|2
0|921915610|2|900000021
0|921915610|900000021|1
0|921915610|2|900000022
0|921915610|900000022|1
0|921915610|2|900000023
0|921915610|900000023|1
0|921915610|2|900000024
0|921915610|900000024|1
0|921915610|2|900000025
0|921915610|900000025|1
0|921915610|2|900000026
0|921915610|900000026|1
0|921915610|2|900000027
0|921915610|900000027|1
0|921915610|2|900000028
0|921915610|900000028|1
0|921915610|1|900000029
0|921915610|900000029|0
0|921915610|0|900000030
0|921915610|900000030|7
0|1292646456|2|900000031
0|1292646456|900000031|1
0|1292646456|1|900000032
0|1292646456|900000032|0
0|1292646456|0|900000033
0|1292646456|900000033|3
0|921155078|2|900000034
0|921155078|900000034|1
0|921155078|1|900000035
0|921155078|900000035|0
0|921155078|0|900000036
0|921155078|900000036|3
0|1362940680|2|900000037
0|1362940680|900000037|1
0|1362940680|1|900000038
0|1362940680|900000038|0
0|1362940680|0|900000039
0|1362940680|900000039|3
0|1109488509|2|900000040
0|1109488509|900000040|1
0|1109488509|1|900000041
0|1109488509|900000041|0
0|1109488509|0|900000042
0|1109488509|900000042|3
0|526059058|2|900000043
0|526059058|900000043|1
0|526059058|1|900000044
0|526059058|900000044|0
0|526059058|0|900000045
0|526059058|900000045|3
0|830992291|2|900000046
0|830992291|900000046|1
0|830992291|1|900000047
0|830992291|900000047|0
0|830992291|0|900000048
0|830992291|900000048|3
0|782611158|2|900000049
0|782611158|900000049|1
0|782611158|1|900000050
0|782611158|900000050|0
0|782611158|0|900000051
0|782611158|900000051|3
0|688844239|2|900000052
0|688844239|900000052|1
0|688844239|1|900000053
0|688844239|900000053|0
0|688844239|0|900000054
0|688844239|900000054|3
0|166437419|2|900000000
0|166437419|900000000|1
0|166437419|1|900000001
0|166437419|900000001|0
0|166437419|0|900000002
0|166437419|900000002|3
0|2058660857|3|900000000
0|2058660857|900000000|2
0|2058660857|2|900000001
0|2058660857|900000001|1
0|2058660857|1|900000002
0|2058660857|900000002|0
0|2058660857|0|900000003
0|2058660857|900000003|4
0|166734891|3|900000000
0|166734891|900000000|2
0|166734891|2|900000001
0|166734891|900000001|1
0|166734891|1|900000002
0|166734891|900000002|0
0|166734891|0|900000003
0|166734891|900000003|4
0|508138044|3|900000004
0|508138044|900000004|2
0|508138044|2|900000005
0|508138044|900000005|1
0|508138044|1|900000006
0|508138044|900000006|0
0|508138044|0|900000007
0|508138044|900000007|4
0|2130870188|3|900000008
0|2130870188|900000008|2
0|2130870188|2|900000009
0|2130870188|900000009|1
0|2130870188|1|900000010
0|2130870188|900000010|0
0|2130870188|0|900000011
0|2130870188|900000011|4
0|1723228937|3|900000012
0|1723228937|900000012|2
0|1723228937|2|900000013
0|1723228937|900000013|1
0|1723228937|1|900000014
0|1723228937|900000014|0
0|1723228937|0|900000015
0|1723228937|900000015|4
0|638712515|3|900000016
0|638712515|900000016|2
0|638712515|2|900000017
0|638712515|900000017|1
0|638712515|1|900000018
0|638712515|900000018|0
0|638712515|0|900000019
0|638712515|900000019|4
0|66226812|3|900000020
0|66226812|900000020|2
0|66226812|2|900000021
0|66226812|900000021|1
0|66226812|1|900000022
0|66226812|900000022|0
0|66226812|0|900000023
0|66226812|900000023|4
0|1811026928|3|900000024
0|1811026928|900000024|2
0|1811026928|2|900000025
0|1811026928|900000025|1
0|1811026928|1|900000026
0|1811026928|900000026|0
0|1811026928|0|900000027
0|1811026928|900000027|4
0|1125619630|3|900000028
0|1125619630|900000028|2
0|1125619630|2|900000029
0|1125619630|900000029|1
0|1125619630|1|900000030
0|1125619630|900000030|0
0|1125619630|0|900000031
0|1125619630|900000031|4
0|1248654437|3|900000032
0|1248654437|900000032|2
0|1248654437|2|900000033
0|1248654437|900000033|1
0|1248654437|1|900000034
0|1248654437|900000034|0
0|1248654437|0|900000035
0|1248654437|900000035|4
0|1254723832|3|900000036
0|1254723832|900000036|2
0|1254723832|2|900000037
0|1254723832|900000037|1
0|1254723832|1|900000038
0|1254723832|900000038|0
0|1254723832|0|900000039
0|1254723832|900000039|4
0|630938924|3|900000040
0|630938924|900000040|2
0|630938924|2|900000041
0|630938924|900000041|1
0|630938924|1|900000042
0|630938924|900000042|0
0|630938924|0|900000043
0|630938924|900000043|4
0|837696414|3|900000044
0|837696414|900000044|2
0|837696414|2|900000045
0|837696414|900000045|1
0|837696414|1|900000046
0|837696414|900000046|0
0|837696414|0|900000047
0|837696414|900000047|4
0|1451748862|3|900000048
0|1451748862|900000048|2
0|1451748862|2|900000049
0|1451748862|900000049|1
0|1451748862|1|900000050
0|1451748862|900000050|0
0|1451748862|0|900000051
0|1451748862|900000051|4
0|1889831384|3|900000052
0|1889831384|900000052|2
0|1889831384|2|900000053
0|1889831384|900000053|1
0|1889831384|1|900000054
0|1889831384|900000054|0
0|1889831384|0|900000055
0|1889831384|900000055|4
0|1261052560|3|900000056
0|1261052560|900000056|2
0|1261052560|2|900000057
0|1261052560|900000057|1
0|1261052560|1|900000058
0|1261052560|900000058|0
0|1261052560|0|900000059
0|1261052560|900000059|4
0|1298191165|3|900000060
0|1298191165|900000060|2
0|1298191165|2|900000061
0|1298191165|900000061|1
0|1298191165|1|900000062
0|1298191165|900000062|0
0|1298191165|0|900000063
0|1298191165|900000063|4
0|692414583|3|900000064
0|692414583|900000064|2
0|692414583|2|900000065
0|692414583|900000065|1
0|692414583|1|900000066
0|692414583|900000066|0
0|692414583|0|900000067
0|692414583|900000067|4
0|948116746|3|900000068
0|948116746|900000068|2
0|948116746|2|900000069
0|948116746|900000069|1
0|948116746|1|900000070
0|948116746|900000070|0
0|948116746|0|900000071
0|948116746|900000071|4
0|1928809361|3|900000072
0|1928809361|900000072|2
0|1928809361|2|900000073
0|1928809361|900000073|1
0|1928809361|1|900000074
0|1928809361|900000074|0
0|1928809361|0|900000075
0|1928809361|900000075|4
0|1314483754|3|900000076
0|1314483754|900000076|2
0|1314483754|2|900000077
0|1314483754|900000077|1
0|1314483754|1|900000078
0|1314483754|900000078|0
0|1314483754|0|900000079
0|1314483754|900000079|4
0|844158129|3|900000080
0|844158129|900000080|2
0|844158129|2|900000081
0|844158129|900000081|1
0|844158129|1|900000082
0|844158129|900000082|0
0|844158129|0|900000083
0|844158129|900000083|4
0|1861570300|3|900000084
0|1861570300|900000084|2
0|1861570300|2|900000085
0|1861570300|900000085|1
0|1861570300|1|900000086
0|1861570300|900000086|0
0|1861570300|0|900000087
0|1861570300|900000087|4
0|546795836|3|900000088
0|546795836|900000088|2
0|546795836|2|900000089
0|546795836|900000089|1
0|546795836|1|900000090
0|546795836|900000090|0
0|546795836|0|900000091
0|546795836|900000091|4
0|1163600751|3|900000092
0|1163600751|900000092|2
0|1163600751|2|900000093
0|1163600751|900000093|1
0|1163600751|1|900000094
0|1163600751|900000094|0
0|1163600751|0|900000095
0|1163600751|900000095|4
0|880883860|3|900000096
0|880883860|900000096|2
0|880883860|2|900000097
0|880883860|900000097|1
0|880883860|1|900000098
0|880883860|900000098|0
0|880883860|0|900000099
0|880883860|900000099|4
0|771677501|3|900000100
0|771677501|900000100|2
0|771677501|2|900000101
0|771677501|900000101|1
0|771677501|1|900000102
0|771677501|900000102|0
0|771677501|0|900000103
0|771677501|900000103|4
0|1625866566|3|900000104
0|1625866566|900000104|2
0|1625866566|2|900000105
0|1625866566|900000105|1
0|1625866566|1|900000106
0|1625866566|900000106|0
0|1625866566|0|900000107
0|1625866566|900000107|4
0|1101017313|3|900000108
0|1101017313|900000108|2
0|1101017313|2|900000109
0|1101017313|900000109|1
0|1101017313|1|900000110
0|1101017313|900000110|0
0|1101017313|0|900000111
0|1101017313|900000111|4
0|466716528|3|900000112
0|466716528|900000112|2
0|466716528|2|900000113
0|466716528|900000113|1
0|466716528|1|900000114
0|466716528|900000114|0
0|466716528|0|900000115
0|466716528|900000115|4
0|796275969|3|900000116
0|796275969|900000116|2
0|796275969|2|900000117
0|796275969|900000117|1
0|796275969|1|900000118
0|796275969|900000118|0
0|796275969|0|900000119
0|796275969|900000119|4
0|2075086884|3|900000120
0|2075086884|900000120|2
0|2075086884|2|900000121
0|2075086884|900000121|1
0|2075086884|1|900000122
0|2075086884|900000122|0
0|2075086884|0|900000123
0|2075086884|900000123|4
0|55038816|3|900000124
0|55038816|900000124|2
0|55038816|2|900000125
0|55038816|900000125|1
0|55038816|1|900000126
0|55038816|900000126|0
0|55038816|0|900000127
0|55038816|900000127|4
0|467585587|3|900000128
0|467585587|900000128|2
0|467585587|2|900000129
0|467585587|900000129|1
0|467585587|1|900000130
0|467585587|900000130|0
0|467585587|0|900000131
0|467585587|900000131|4
0|2104798445|3|900000132
0|2104798445|900000132|2
0|2104798445|2|900000133
0|2104798445|900000133|1
0|2104798445|1|900000134
0|2104798445|900000134|0
0|2104798445|0|900000135
0|2104798445|900000135|4
0|1118180237|3|900000136
0|1118180237|900000136|2
0|1118180237|2|900000137
0|1118180237|900000137|1
0|1118180237|1|900000138
0|1118180237|900000138|0
0|1118180237|0|900000139
0|1118180237|900000139|4
0|742534935|3|900000140
0|742534935|900000140|2
0|742534935|2|900000141
0|742534935|900000141|1
0|742534935|1|900000142
0|742534935|900000142|0
0|742534935|0|900000143
0|742534935|900000143|4
0|251722162|3|900000144
0|251722162|900000144|2
0|251722162|2|900000145
0|251722162|900000145|1
0|251722162|1|900000146
0|251722162|900000146|0
0|251722162|0|900000147
0|251722162|900000147|4
0|1410887192|3|900000148
0|1410887192|900000148|2
0|1410887192|2|900000149
0|1410887192|900000149|1
0|1410887192|1|900000150
0|1410887192|900000150|0
0|1410887192|0|900000151
0|1410887192|900000151|4
0|1926022467|3|900000152
0|1926022467|900000152|2
0|1926022467|2|900000153
0|1926022467|900000153|1
0|1926022467|1|900000154
0|1926022467|900000154|0
0|1926022467|0|900000155
0|1926022467|900000155|4
0|154054972|3|900000156
0|154054972|900000156|2
0|154054972|2|900000157
0|154054972|900000157|1
0|154054972|1|900000158
0|154054972|900000158|0
0|154054972|0|900000159
0|154054972|900000159|4
0|1715645492|3|900000160
0|1715645492|900000160|2
0|1715645492|2|900000161
0|1715645492|900000161|1
0|1715645492|1|900000162
0|1715645492|900000162|0
0|1715645492|0|900000163
0|1715645492|900000163|4
0|1860458131|3|900000164
0|1860458131|900000164|2
0|1860458131|2|900000165
0|1860458131|900000165|1
0|1860458131|1|900000166
0|1860458131|900000166|0
0|1860458131|0|900000167
0|1860458131|900000167|4
0|149187292|2|900000168
0|149187292|900000168|1
0|149187292|1|900000169
0|149187292|900000169|0
0|149187292|0|900000170
0|149187292|900000170|3
0|952698107|1|900000171
0|952698107|900000171|0
0|952698107|0|900000172
0|952698107|900000172|2
0|2117930533|3|900000173
0|2117930533|900000173|2
0|2117930533|2|900000174
0|2117930533|900000174|1
0|2117930533|1|900000175
0|2117930533|900000175|0
0|2117930533|0|900000176
0|2117930533|900000176|4
0|1130982768|0|900000177
0|1130982768|900000177|1
0|1218994096|3|900000178
0|1218994096|900000178|2
0|1218994096|2|900000179
0|1218994096|900000179|1
0|1218994096|1|900000180
0|1218994096|900000180|0
0|1218994096|0|900000181
0|1218994096|900000181|4
0|385860911|3|900000182
0|385860911|900000182|2
0|385860911|2|900000183
0|385860911|900000183|1
0|385860911|1|900000184
0|385860911|900000184|0
0|385860911|0|900000185
0|385860911|900000185|4
0|218856360|3|900000186
0|218856360|900000186|2
0|218856360|2|900000187
0|218856360|900000187|1
0|218856360|1|900000188
0|218856360|900000188|0
0|218856360|0|900000189
0|218856360|900000189|4
0|887830374|0|900000190
0|887830374|900000190|1
0|1388201674|3|900000191
0|1388201674|900000191|2
0|1388201674|2|900000192
0|1388201674|900000192|1
0|1388201674|1|900000193
0|1388201674|900000193|0
0|1388201674|0|900000194
0|1388201674|900000194|4
0|1279484181|0|900000195
0|1279484181|900000195|1
0|963864734|3|900000196
0|963864734|900000196|2
0|963864734|2|900000197
0|963864734|900000197|1
0|963864734|1|900000198
0|963864734|900000198|0
0|963864734|0|900000199
0|963864734|900000199|4
0|1670908697|0|900000200
0|1670908697|900000200|1
0|1674199548|3|900000201
0|1674199548|900000201|2
0|1674199548|2|900000202
0|1674199548|900000202|1
0|1674199548|1|900000203
0|1674199548|900000203|0
0|1674199548|0|900000204
0|1674199548|900000204|4
0|1381666823|0|900000205
0|1381666823|900000205|1
0|141456021|3|900000206
0|141456021|900000206|2
0|141456021|2|900000207
0|141456021|900000207|1
0|141456021|1|900000208
0|141456021|900000208|0
0|141456021|0|900000209
0|141456021|900000209|4
0|733465260|0|900000210
0|733465260|900000210|1
0|1864948368|3|900000211
0|1864948368|900000211|2
0|1864948368|2|900000212
0|1864948368|900000212|1
0|1864948368|1|900000213
0|1864948368|900000213|0
0|1864948368|0|900000214
0|1864948368|900000214|4
0|2141273414|0|900000215
0|2141273414|900000215|1
0|830150953|3|900000216
0|830150953|900000216|2
0|830150953|2|900000217
0|830150953|900000217|1
0|830150953|1|900000218
0|830150953|900000218|0
0|830150953|0|900000219
0|830150953|900000219|4
0|1090385195|0|900000220
0|1090385195|900000220|1
0|275673416|3|900000221
0|275673416|900000221|2
0|275673416|2|900000222
0|275673416|900000222|1
0|275673416|1|900000223
0|275673416|900000223|0
0|275673416|0|900000224
0|275673416|900000224|4
0|184415903|0|900000225
0|184415903|900000225|1
0|576050370|3|900000226
0|576050370|900000226|2
0|576050370|2|900000227
0|576050370|900000227|1
0|576050370|1|900000228
0|576050370|900000228|0
0|576050370|0|900000229
0|576050370|900000229|4
0|247170433|0|900000230
0|247170433|900000230|1
0|1589496901|3|900000231
0|1589496901|900000231|2
0|1589496901|2|900000232
0|1589496901|900000232|1
0|1589496901|1|900000233
0|1589496901|900000233|0
0|1589496901|0|900000234
0|1589496901|900000234|4
0|2053150708|0|900000235
0|2053150708|900000235|1
0|1683605064|3|900000236
0|1683605064|900000236|2
0|1683605064|2|900000237
0|1683605064|900000237|1
0|1683605064|1|900000238
0|1683605064|900000238|0
0|1683605064|0|900000239
0|1683605064|900000239|4
0|1319469621|0|900000240
0|1319469621|900000240|1
0|2122530315|3|900000241
0|2122530315|900000241|2
0|2122530315|2|900000242
0|2122530315|900000242|1
0|2122530315|1|900000243
0|2122530315|900000243|0
0|2122530315|0|900000244
0|2122530315|900000244|4
0|374747923|0|900000245
0|374747923|900000245|1
0|1604736256|3|900000246
0|1604736256|900000246|2
0|1604736256|2|900000247
0|1604736256|900000247|1
0|1604736256|1|900000248
0|1604736256|900000248|0
0|1604736256|0|900000249
0|1604736256|900000249|4
0|2019618153|0|900000250
0|2019618153|900000250|1
0|343672386|1|900000251
0|343672386|900000251|0
0|343672386|0|900000252
0|343672386|900000252|2
0|1992478007|1|900000253
0|1992478007|900000253|0
0|1992478007|0|900000254
0|1992478007|900000254|2
0|765761149|1|900000255
0|765761149|900000255|0
0|765761149|0|900000256
0|765761149|900000256|2
0|1525103464|1|900000257
0|1525103464|900000257|0
0|1525103464|0|900000258
0|1525103464|900000258|2
0|1999406538|1|900000259
0|1999406538|900000259|0
0|1999406538|0|900000260
0|1999406538|900000260|2
0|287595824|1|900000261
0|287595824|900000261|0
0|287595824|0|900000262
0|287595824|900000262|2
0|495445225|3|900000263
0|495445225|900000263|2
0|495445225|2|900000264
0|495445225|900000264|1
0|495445225|1|900000265
0|495445225|900000265|0
0|495445225|0|900000266
0|495445225|900000266|4
0|250176212|1|900000267
0|250176212|900000267|0
0|250176212|0|900000268
0|250176212|900000268|2
0|964206574|1|900000269
0|964206574|900000269|0
0|964206574|0|900000270
0|964206574|900000270|2
0|1649600421|3|900000271
0|1649600421|900000271|2
0|1649600421|2|900000272
0|1649600421|900000272|1
0|1649600421|1|900000273
0|1649600421|900000273|0
0|1649600421|0|900000274
0|1649600421|900000274|4
0|1829095693|0|900000275
0|1829095693|900000275|1
0|1757351995|1|900000276
0|1757351995|900000276|0
0|1757351995|0|900000277
0|1757351995|900000277|2
0|541931141|1|900000278
0|541931141|900000278|0
0|541931141|0|900000279
0|541931141|900000279|2
0|1620210191|1|900000280
0|1620210191|900000280|0
0|1620210191|0|900000281
0|1620210191|900000281|2
0|829584467|0|900000282
0|829584467|900000282|1
0|1490954825|0|900000283
0|1490954825|900000283|1
0|1161419133|0|900000284
0|1161419133|900000284|1
0|1709330811|1|900000285
0|1709330811|900000285|0
0|1709330811|0|900000286
0|1709330811|900000286|2
0|807145541|1|900000287
0|807145541|900000287|0
0|807145541|0|900000288
0|807145541|900000288|2
0|1422300154|0|900000289
0|1422300154|900000289|1
0|1396074688|0|900000290
0|1396074688|900000290|1
0|1443728653|0|900000291
0|1443728653|900000291|1
0|1879835510|0|900000292
0|1879835510|900000292|1
0|1338116292|1|900000293
0|1338116292|900000293|0
0|1338116292|0|900000294
0|1338116292|900000294|2
0|948368826|0|900000295
0|948368826|900000295|1
0|2039739077|0|900000296
0|2039739077|900000296|1
0|1332506004|0|900000297
0|1332506004|900000297|1
0|1851715265|0|900000298
0|1851715265|900000298|1
0|1340683440|0|900000299
0|1340683440|900000299|1
0|1577134836|1|900000300
0|1577134836|900000300|0
0|1577134836|0|900000301
0|1577134836|900000301|2
0|1218860551|0|900000302
0|1218860551|900000302|1
0|287614781|0|900000303
0|287614781|900000303|1
0|430644136|0|900000304
0|430644136|900000304|1
0|548621755|0|900000305
0|548621755|900000305|1
0|356055379|0|900000306
0|356055379|900000306|1
0|1127507425|1|900000307
0|1127507425|900000307|0
0|1127507425|0|900000308
0|1127507425|900000308|2
0|796680338|0|900000309
0|796680338|900000309|1
0|979101022|0|900000310
0|979101022|900000310|1
0|1317417865|0|900000311
0|1317417865|900000311|1
0|749304947|0|900000312
0|749304947|900000312|1
0|697582368|0|900000313
0|697582368|900000313|1
0|793412695|1|900000314
0|793412695|900000314|0
0|793412695|0|900000315
0|793412695|900000315|2
0|288406094|0|900000316
0|288406094|900000316|1
0|120110395|1|900000317
0|120110395|900000317|0
0|120110395|0|900000318
0|120110395|900000318|2
0|223907669|0|900000319
0|223907669|900000319|1
0|1489613990|0|900000320
0|1489613990|900000320|1
0|1028790710|0|900000321
0|1028790710|900000321|1
0|849452875|0|900000322
0|849452875|900000322|1
0|1962565420|0|900000323
0|1962565420|900000323|1
0|1951226688|0|900000324
0|1951226688|900000324|1
0|2124770731|0|900000325
0|2124770731|900000325|1
0|799265037|0|900000326
0|799265037|900000326|1
0|1390050680|0|900000327
0|1390050680|900000327|1
0|1384723793|1|900000328
0|1384723793|900000328|0
0|1384723793|0|900000329
0|1384723793|900000329|2
0|407454602|0|900000330
0|407454602|900000330|1
0|890838532|0|900000331
0|890838532|900000331|1
0|1822608607|1|900000332
0|1822608607|900000332|0
0|1822608607|0|900000333
0|1822608607|900000333|2
0|793825262|0|900000334
0|793825262|900000334|1
0|1749883250|0|900000335
0|1749883250|900000335|1
0|1881408815|0|900000336
0|1881408815|900000336|1
0|1080617401|0|900000337
0|1080617401|900000337|1
0|1293570955|0|900000338
0|1293570955|900000338|1
0|567926040|0|900000339
0|567926040|900000339|1
0|451566532|0|900000340
0|451566532|900000340|1
0|2041798451|0|900000341
0|2041798451|900000341|1
0|61167147|0|900000342
0|61167147|900000342|1
0|1501483084|3|900000000
0|1501483084|900000000|2
0|1501483084|2|900000001
0|1501483084|900000001|1
0|1501483084|1|900000002
0|1501483084|900000002|0
0|1501483084|0|900000003
0|1501483084|900000003|4
0|850086778|3|900000004
0|850086778|900000004|2
0|850086778|2|900000005
0|850086778|900000005|1
0|850086778|1|900000006
0|850086778|900000006|0
0|850086778|0|900000007
0|850086778|900000007|4
0|1083801438|3|900000008
0|1083801438|900000008|2
0|1083801438|2|900000009
0|1083801438|900000009|1
0|1083801438|1|900000010
0|1083801438|900000010|0
0|1083801438|0|900000011
0|1083801438|900000011|4
0|1269544901|3|900000012
0|1269544901|900000012|2
0|1269544901|2|900000013
0|1269544901|900000013|1
0|1269544901|1|900000014
0|1269544901|900000014|0
0|1269544901|0|900000015
0|1269544901|900000015|4
0|1206154427|3|900000016
0|1206154427|900000016|2
0|1206154427|2|900000017
0|1206154427|900000017|1
0|1206154427|1|900000018
0|1206154427|900000018|0
0|1206154427|0|900000019
0|1206154427|900000019|4
0|822194223|0|900000020
0|822194223|900000020|1
0|435288027|0|900000021
0|435288027|900000021|1
0|279793662|0|900000022
0|279793662|900000022|1
0|1740664667|1|900000000
0|1740664667|900000000|0
0|1740664667|0|900000001
0|1740664667|900000001|2
0|1540462301|1|900000002
0|1540462301|900000002|0
0|1540462301|0|900000003
0|1540462301|900000003|2
0|706955845|2|900000004
0|706955845|900000004|1
0|706955845|1|900000005
0|706955845|900000005|0
0|706955845|0|900000006
0|706955845|900000006|3
0|689878422|2|900000007
0|689878422|900000007|1
0|689878422|1|900000008
0|689878422|900000008|0
0|689878422|0|900000009
0|689878422|900000009|3
0|1642387293|2|900000010
0|1642387293|900000010|1
0|1642387293|1|900000011
0|1642387293|900000011|0
0|1642387293|0|900000012
0|1642387293|900000012|3
0|787504642|2|900000013
0|787504642|900000013|1
0|787504642|1|900000014
0|787504642|900000014|0
0|787504642|0|900000015
0|787504642|900000015|3
0|207738976|1|900000016
0|207738976|900000016|0
0|207738976|0|900000017
0|207738976|900000017|2
0|1774996763|2|900000018
0|1774996763|900000018|1
0|1774996763|1|900000019
0|1774996763|900000019|0
0|1774996763|0|900000020
0|1774996763|900000020|3
0|471560062|5|900000021
0|471560062|900000021|4
0|471560062|4|900000022
0|471560062|900000022|3
0|471560062|3|900000023
0|471560062|900000023|2
0|471560062|3|900000024
0|471560062|900000024|2
0|471560062|2|900000025
0|471560062|900000025|1
0|471560062|2|900000026
0|471560062|900000026|1
0|471560062|2|900000027
0|471560062|900000027|1
0|471560062|2|900000028
0|471560062|900000028|1
0|471560062|2|900000029
0|471560062|900000029|1
0|471560062|2|900000030
0|471560062|900000030|1
0|471560062|2|900000031
0|471560062|900000031|1
0|471560062|2|900000032
0|471560062|900000032|1
0|471560062|1|900000033
0|471560062|900000033|0
0|471560062|0|900000034
0|471560062|900000034|6
0|2091768291|5|900000035
0|2091768291|900000035|4
0|2091768291|4|900000036
0|2091768291|900000036|3
0|2091768291|3|900000037
0|2091768291|900000037|2
0|2091768291|3|900000038
0|2091768291|900000038|2
0|2091768291|2|900000039
0|2091768291|900000039|1
0|2091768291|2|900000040
0|2091768291|900000040|1
0|2091768291|2|900000041
0|2091768291|900000041|1
0|2091768291|2|900000042
0|2091768291|900000042|1
0|2091768291|2|900000043
0|2091768291|900000043|1
0|2091768291|2|900000044
0|2091768291|900000044|1
0|2091768291|2|900000045
0|2091768291|900000045|1
0|2091768291|2|900000046
0|2091768291|900000046|1
0|2091768291|1|900000047
0|2091768291|900000047|0
0|2091768291|0|900000048
0|2091768291|900000048|6
0|622203777|1|900000000
0|622203777|900000000|0
0|622203777|0|900000001
0|622203777|900000001|2
0|1351161508|3|900000002
0|1351161508|900000002|2
0|1351161508|2|900000003
0|1351161508|900000003|1
0|1351161508|1|900000004
0|1351161508|900000004|0
0|1351161508|0|900000005
0|1351161508|900000005|4
0|177721017|1|900000006
0|177721017|900000006|0
0|177721017|0|900000007
0|177721017|900000007|2
0|242622961|1|900000008
0|242622961|900000008|0
0|242622961|0|900000009
0|242622961|900000009|2
0|297500047|1|900000010
0|297500047|900000010|0
0|297500047|0|900000011
0|297500047|900000011|2
0|583910786|1|900000012
0|583910786|900000012|0
0|583910786|0|900000013
0|583910786|900000013|2
0|1508385370|1|900000014
0|1508385370|900000014|0
0|1508385370|0|900000015
0|1508385370|900000015|2
0|664185574|1|900000016
0|664185574|900000016|0
0|664185574|0|900000017
0|664185574|900000017|2
0|1972383196|1|900000018
0|1972383196|900000018|0
0|1972383196|0|900000019
0|1972383196|900000019|2
0|1110196321|1|900000020
0|1110196321|900000020|0
0|1110196321|0|900000021
0|1110196321|900000021|2
0|2013488386|1|900000022
0|2013488386|900000022|0
0|2013488386|0|900000023
0|2013488386|900000023|2
0|788518111|1|900000024
0|788518111|900000024|0
0|788518111|0|900000025
0|788518111|900000025|2
0|1818530758|1|900000026
0|1818530758|900000026|0
0|1818530758|0|900000027
0|1818530758|900000027|2
0|403150099|1|900000000
0|403150099|900000000|0
0|403150099|0|900000001
0|403150099|900000001|2
0|1539363941|3|900000004
0|1539363941|900000004|2
0|1539363941|2|900000005
0|1539363941|900000005|1
0|1539363941|4|900000006
0|1539363941|900000006|1
0|1539363941|1|900000007
0|1539363941|900000007|0
0|1539363941|0|900000008
0|1539363941|900000008|5
0|32923713|3|900000011
0|32923713|900000011|2
0|32923713|2|900000012
0|32923713|900000012|1
0|32923713|4|900000013
0|32923713|900000013|1
0|32923713|1|900000014
0|32923713|900000014|0
0|32923713|0|900000015
0|32923713|900000015|5
0|486285674|1|900000016
0|486285674|900000016|0
0|486285674|0|900000017
0|486285674|900000017|2
0|1857714567|1|900000018
0|1857714567|900000018|0
0|1857714567|0|900000019
0|1857714567|900000019|2
0|1854649117|1|900000020
0|1854649117|900000020|0
0|1854649117|0|900000021
0|1854649117|900000021|2
0|1414038524|1|900000022
0|1414038524|900000022|0
0|1414038524|0|900000023
0|1414038524|900000023|2
0|124212379|3|900000026
0|124212379|900000026|2
0|124212379|2|900000027
0|124212379|900000027|1
0|124212379|4|900000028
0|124212379|900000028|1
0|124212379|1|900000029
0|124212379|900000029|0
0|124212379|0|900000030
0|124212379|900000030|5
0|105783808|6|900000033
0|105783808|900000033|5
0|105783808|5|900000034
0|105783808|900000034|4
0|105783808|7|900000035
0|105783808|900000035|4
0|105783808|4|900000036
0|105783808|900000036|3
0|105783808|3|900000037
0|105783808|900000037|2
0|105783808|2|900000038
0|105783808|900000038|1
0|105783808|1|900000039
0|105783808|900000039|0
0|105783808|0|900000040
0|105783808|900000040|8
0|1235998232|7|900000043
0|1235998232|900000043|6
0|1235998232|6|900000044
0|1235998232|900000044|5
0|1235998232|8|900000045
0|1235998232|900000045|5
0|1235998232|5|900000046
0|1235998232|900000046|4
0|1235998232|4|900000047
0|1235998232|900000047|3
0|1235998232|3|900000048
0|1235998232|900000048|2
0|1235998232|2|900000049
0|1235998232|900000049|1
0|1235998232|1|900000050
0|1235998232|900000050|0
0|1235998232|0|900000051
0|1235998232|900000051|9
0|912375199|7|900000054
0|912375199|900000054|6
0|912375199|6|900000055
0|912375199|900000055|5
0|912375199|8|900000056
0|912375199|900000056|5
0|912375199|5|900000057
0|912375199|900000057|4
0|912375199|4|900000058
0|912375199|900000058|3
0|912375199|3|900000059
0|912375199|900000059|2
0|912375199|2|900000060
0|912375199|900000060|1
0|912375199|1|900000061
0|912375199|900000061|0
0|912375199|0|900000062
0|912375199|900000062|9
0|1154981176|1|900000063
0|1154981176|900000063|0
0|1154981176|0|900000064
0|1154981176|900000064|2
0|1154511577|7|900000067
0|1154511577|900000067|6
0|1154511577|6|900000068
0|1154511577|900000068|5
0|1154511577|8|900000069
0|1154511577|900000069|5
0|1154511577|5|900000070
0|1154511577|900000070|4
0|1154511577|4|900000071
0|1154511577|900000071|3
0|1154511577|3|900000072
0|1154511577|900000072|2
0|1154511577|2|900000073
0|1154511577|900000073|1
0|1154511577|1|900000074
0|1154511577|900000074|0
0|1154511577|0|900000075
0|1154511577|900000075|9
0|2103845686|1|900000076
0|2103845686|900000076|0
0|2103845686|0|900000077
0|2103845686|900000077|2
0|1938522261|7|900000080
0|1938522261|900000080|6
0|1938522261|6|900000081
0|1938522261|900000081|5
0|1938522261|8|900000082
0|1938522261|900000082|5
0|1938522261|5|900000083
0|1938522261|900000083|4
0|1938522261|4|900000084
0|1938522261|900000084|3
0|1938522261|3|900000085
0|1938522261|900000085|2
0|1938522261|2|900000086
0|1938522261|900000086|1
0|1938522261|1|900000087
0|1938522261|900000087|0
0|1938522261|0|900000088
0|1938522261|900000088|9
0|2090173325|1|900000000
0|2090173325|900000000|0
0|2090173325|0|900000001
0|2090173325|900000001|2
0|1659851092|1|900000002
0|1659851092|900000002|0
0|1659851092|0|900000003
0|1659851092|900000003|2
0|723640138|7|900000006
0|723640138|900000006|6
0|723640138|6|900000007
0|723640138|900000007|5
0|723640138|8|900000008
0|723640138|900000008|5
0|723640138|5|900000009
0|723640138|900000009|4
0|723640138|4|900000010
0|723640138|900000010|3
0|723640138|3|900000011
0|723640138|900000011|2
0|723640138|2|900000012
0|723640138|900000012|1
0|723640138|1|900000013
0|723640138|900000013|0
0|723640138|0|900000014
0|723640138|900000014|9
0|2118303054|1|900000015
0|2118303054|900000015|0
0|2118303054|0|900000016
0|2118303054|900000016|2
0|530329453|3|900000019
0|530329453|900000019|2
0|530329453|2|900000020
0|530329453|900000020|1
0|530329453|6|900000021
0|530329453|900000021|5
0|530329453|5|900000022
0|530329453|900000022|4
0|530329453|4|900000023
0|530329453|900000023|1
0|530329453|1|900000024
0|530329453|900000024|0
0|530329453|0|900000025
0|530329453|900000025|7
0|754703490|1|900000026
0|754703490|900000026|0
0|754703490|0|900000027
0|754703490|900000027|2
0|411545615|3|900000030
0|411545615|900000030|2
0|411545615|2|900000031
0|411545615|900000031|1
0|411545615|6|900000032
0|411545615|900000032|5
0|411545615|5|900000033
0|411545615|900000033|4
0|411545615|4|900000034
0|411545615|900000034|1
0|411545615|1|900000035
0|411545615|900000035|0
0|411545615|0|900000036
0|411545615|900000036|7
0|1197710683|3|900000039
0|1197710683|900000039|2
0|1197710683|2|900000040
0|1197710683|900000040|1
0|1197710683|6|900000041
0|1197710683|900000041|5
0|1197710683|5|900000042
0|1197710683|900000042|4
0|1197710683|4|900000043
0|1197710683|900000043|1
0|1197710683|1|900000044
0|1197710683|900000044|0
0|1197710683|0|900000045
0|1197710683|900000045|7
0|1933766140|1|900000000
0|1933766140|900000000|0
0|1933766140|0|900000001
0|1933766140|900000001|2
0|201975883|1|900000002
0|201975883|900000002|0
0|201975883|0|900000003
0|201975883|900000003|2
0|1303833025|1|900000000
0|1303833025|900000000|0
0|1303833025|0|900000001
0|1303833025|900000001|2
0|788753235|1|900000002
0|788753235|900000002|0
0|788753235|0|900000003
0|788753235|900000003|2
0|1287138536|1|900000004
0|1287138536|900000004|0
0|1287138536|0|900000005
0|1287138536|900000005|2
0|641788541|7|900000008
0|641788541|900000008|6
0|641788541|6|900000009
0|641788541|900000009|5
0|641788541|8|900000010
0|641788541|900000010|5
0|641788541|5|900000011
0|641788541|900000011|4
0|641788541|4|900000012
0|641788541|900000012|3
0|641788541|3|900000013
0|641788541|900000013|2
0|641788541|2|900000014
0|641788541|900000014|1
0|641788541|1|900000015
0|641788541|900000015|0
0|641788541|0|900000016
0|641788541|900000016|9
0|1986756755|3|900000019
0|1986756755|900000019|2
0|1986756755|2|900000020
0|1986756755|900000020|1
0|1986756755|6|900000021
0|1986756755|900000021|5
0|1986756755|5|900000022
0|1986756755|900000022|4
0|1986756755|4|900000023
0|1986756755|900000023|1
0|1986756755|1|900000024
0|1986756755|900000024|0
0|1986756755|0|900000025
0|1986756755|900000025|7
0|417377160|5|900000032
0|417377160|900000032|4
0|417377160|4|900000033
0|417377160|900000033|3
0|417377160|8|900000034
0|417377160|900000034|7
0|417377160|7|900000035
0|417377160|900000035|6
0|417377160|6|900000036
0|417377160|900000036|3
0|417377160|3|900000037
0|417377160|900000037|2
0|417377160|2|900000038
0|417377160|900000038|1
0|417377160|12|900000039
0|417377160|900000039|11
0|417377160|11|900000040
0|417377160|900000040|10
0|417377160|15|900000041
0|417377160|900000041|14
0|417377160|14|900000042
0|417377160|900000042|13
0|417377160|13|900000043
0|417377160|900000043|10
0|417377160|10|900000044
0|417377160|900000044|9
0|417377160|9|900000045
0|417377160|900000045|1
0|417377160|1|900000046
0|417377160|900000046|0
0|417377160|0|900000047
0|417377160|900000047|16
0|1883130093|7|900000058
0|1883130093|900000058|6
0|1883130093|6|900000059
0|1883130093|900000059|5
0|1883130093|10|900000060
0|1883130093|900000060|9
0|1883130093|9|900000061
0|1883130093|900000061|8
0|1883130093|8|900000062
0|1883130093|900000062|5
0|1883130093|5|900000063
0|1883130093|900000063|4
0|1883130093|4|900000064
0|1883130093|900000064|3
0|1883130093|14|900000065
0|1883130093|900000065|13
0|1883130093|13|900000066
0|1883130093|900000066|12
0|1883130093|17|900000067
0|1883130093|900000067|16
0|1883130093|16|900000068
0|1883130093|900000068|15
0|1883130093|15|900000069
0|1883130093|900000069|12
0|1883130093|12|900000070
0|1883130093|900000070|11
0|1883130093|11|900000071
0|1883130093|900000071|3
0|1883130093|3|900000072
0|1883130093|900000072|2
0|1883130093|2|900000073
0|1883130093|900000073|1
0|1883130093|21|900000074
0|1883130093|900000074|20
0|1883130093|20|900000075
0|1883130093|900000075|19
0|1883130093|24|900000076
0|1883130093|900000076|23
0|1883130093|23|900000077
0|1883130093|900000077|22
0|1883130093|22|900000078
0|1883130093|900000078|19
0|1883130093|19|900000079
0|1883130093|900000079|18
0|1883130093|18|900000080
0|1883130093|900000080|1
0|1883130093|1|900000081
0|1883130093|900000081|0
0|1883130093|0|900000082
0|1883130093|900000082|25
0|1268554756|7|900000093
0|1268554756|900000093|6
0|1268554756|6|900000094
0|1268554756|900000094|5
0|1268554756|10|900000095
0|1268554756|900000095|9
0|1268554756|9|900000096
0|1268554756|900000096|8
0|1268554756|8|900000097
0|1268554756|900000097|5
0|1268554756|5|900000098
0|1268554756|900000098|4
0|1268554756|4|900000099
0|1268554756|900000099|3
0|1268554756|14|900000100
0|1268554756|900000100|13
0|1268554756|13|900000101
0|1268554756|900000101|12
0|1268554756|17|900000102
0|1268554756|900000102|16
0|1268554756|16|900000103
0|1268554756|900000103|15
0|1268554756|15|900000104
0|1268554756|900000104|12
0|1268554756|12|900000105
0|1268554756|900000105|11
0|1268554756|11|900000106
0|1268554756|900000106|3
0|1268554756|3|900000107
0|1268554756|900000107|2
0|1268554756|2|900000108
0|1268554756|900000108|1
0|1268554756|21|900000109
0|1268554756|900000109|20
0|1268554756|20|900000110
0|1268554756|900000110|19
0|1268554756|24|900000111
0|1268554756|900000111|23
0|1268554756|23|900000112
0|1268554756|900000112|22
0|1268554756|22|900000113
0|1268554756|900000113|19
0|1268554756|19|900000114
0|1268554756|900000114|18
0|1268554756|18|900000115
0|1268554756|900000115|1
0|1268554756|1|900000116
0|1268554756|900000116|0
0|1268554756|0|900000117
0|1268554756|900000117|25
0|1532066073|1|900000000
0|1532066073|900000000|0
0|1532066073|0|900000001
0|1532066073|900000001|2
0|1922773144|1|900000002
0|1922773144|900000002|0
0|1922773144|0|900000003
0|1922773144|900000003|2
0|875010994|7|900000006
0|875010994|900000006|6
0|875010994|6|900000007
0|875010994|900000007|5
0|875010994|8|900000008
0|875010994|900000008|5
0|875010994|5|900000009
0|875010994|900000009|4
0|875010994|4|900000010
0|875010994|900000010|3
0|875010994|3|900000011
0|875010994|900000011|2
0|875010994|2|900000012
0|875010994|900000012|1
0|875010994|1|900000013
0|875010994|900000013|0
0|875010994|0|900000014
0|875010994|900000014|9
0|912123160|7|900000025
0|912123160|900000025|6
0|912123160|6|900000026
0|912123160|900000026|5
0|912123160|10|900000027
0|912123160|900000027|9
0|912123160|9|900000028
0|912123160|900000028|8
0|912123160|8|900000029
0|912123160|900000029|5
0|912123160|5|900000030
0|912123160|900000030|4
0|912123160|4|900000031
0|912123160|900000031|3
0|912123160|14|900000032
0|912123160|900000032|13
0|912123160|13|900000033
0|912123160|900000033|12
0|912123160|17|900000034
0|912123160|900000034|16
0|912123160|16|900000035
0|912123160|900000035|15
0|912123160|15|900000036
0|912123160|900000036|12
0|912123160|12|900000037
0|912123160|900000037|11
0|912123160|11|900000038
0|912123160|900000038|3
0|912123160|3|900000039
0|912123160|900000039|2
0|912123160|2|900000040
0|912123160|900000040|1
0|912123160|21|900000041
0|912123160|900000041|20
0|912123160|20|900000042
0|912123160|900000042|19
0|912123160|24|900000043
0|912123160|900000043|23
0|912123160|23|900000044
0|912123160|900000044|22
0|912123160|22|900000045
0|912123160|900000045|19
0|912123160|19|900000046
0|912123160|900000046|18
0|912123160|18|900000047
0|912123160|900000047|1
0|912123160|1|900000048
0|912123160|900000048|0
0|912123160|0|900000049
0|912123160|900000049|25
0|1768003007|7|900000060
0|1768003007|900000060|6
0|1768003007|6|900000061
0|1768003007|900000061|5
0|1768003007|10|900000062
0|1768003007|900000062|9
0|1768003007|9|900000063
0|1768003007|900000063|8
0|1768003007|8|900000064
0|1768003007|900000064|5
0|1768003007|5|900000065
0|1768003007|900000065|4
0|1768003007|4|900000066
0|1768003007|900000066|3
0|1768003007|14|900000067
0|1768003007|900000067|13
0|1768003007|13|900000068
0|1768003007|900000068|12
0|1768003007|17|900000069
0|1768003007|900000069|16
0|1768003007|16|900000070
0|1768003007|900000070|15
0|1768003007|15|900000071
0|1768003007|900000071|12
0|1768003007|12|900000072
0|1768003007|900000072|11
0|1768003007|11|900000073
0|1768003007|900000073|3
0|1768003007|3|900000074
0|1768003007|900000074|2
0|1768003007|2|900000075
0|1768003007|900000075|1
0|1768003007|21|900000076
0|1768003007|900000076|20
0|1768003007|20|900000077
0|1768003007|900000077|19
0|1768003007|24|900000078
0|1768003007|900000078|23
0|1768003007|23|900000079
0|1768003007|900000079|22
0|1768003007|22|900000080
0|1768003007|900000080|19
0|1768003007|19|900000081
0|1768003007|900000081|18
0|1768003007|18|900000082
0|1768003007|900000082|1
0|1768003007|1|900000083
0|1768003007|900000083|0
0|1768003007|0|900000084
0|1768003007|900000084|25
0|1977114051|0|900000085
0|1977114051|900000085|1
0|1301322243|1|900000000
0|1301322243|900000000|0
0|1301322243|0|900000001
0|1301322243|900000001|2
0|1941514709|0|900000002
0|1941514709|900000002|1
0|1428670053|0|900000003
0|1428670053|900000003|1
0|1403709157|0|900000004
0|1403709157|900000004|1
0|142096537|1|900000005
0|142096537|900000005|0
0|142096537|0|900000006
0|142096537|900000006|2
0|1033283013|7|900000009
0|1033283013|900000009|6
0|1033283013|6|900000010
0|1033283013|900000010|5
0|1033283013|8|900000011
0|1033283013|900000011|5
0|1033283013|5|900000012
0|1033283013|900000012|4
0|1033283013|4|900000013
0|1033283013|900000013|3
0|1033283013|3|900000014
0|1033283013|900000014|2
0|1033283013|2|900000015
0|1033283013|900000015|1
0|1033283013|1|900000016
0|1033283013|900000016|0
0|1033283013|0|900000017
0|1033283013|900000017|9
0|1339267592|7|900000028
0|1339267592|900000028|6
0|1339267592|6|900000029
0|1339267592|900000029|5
0|1339267592|10|900000030
0|1339267592|900000030|9
0|1339267592|9|900000031
0|1339267592|900000031|8
0|1339267592|8|900000032
0|1339267592|900000032|5
0|1339267592|5|900000033
0|1339267592|900000033|4
0|1339267592|4|900000034
0|1339267592|900000034|3
0|1339267592|15|900000035
0|1339267592|900000035|14
0|1339267592|14|900000036
0|1339267592|900000036|13
0|1339267592|18|900000037
0|1339267592|900000037|17
0|1339267592|17|900000038
0|1339267592|900000038|16
0|1339267592|16|900000039
0|1339267592|900000039|13
0|1339267592|13|900000040
0|1339267592|900000040|12
0|1339267592|12|900000041
0|1339267592|900000041|11
0|1339267592|11|900000042
0|1339267592|900000042|3
0|1339267592|3|900000043
0|1339267592|900000043|2
0|1339267592|2|900000044
0|1339267592|900000044|1
0|1339267592|23|900000045
0|1339267592|900000045|22
0|1339267592|22|900000046
0|1339267592|900000046|21
0|1339267592|26|900000047
0|1339267592|900000047|25
0|1339267592|25|900000048
0|1339267592|900000048|24
0|1339267592|24|900000049
0|1339267592|900000049|21
0|1339267592|21|900000050
0|1339267592|900000050|20
0|1339267592|20|900000051
0|1339267592|900000051|19
0|1339267592|19|900000052
0|1339267592|900000052|1
0|1339267592|1|900000053
0|1339267592|900000053|0
0|1339267592|0|900000054
0|1339267592|900000054|27
0|1104571221|7|900000065
0|1104571221|900000065|6
0|1104571221|6|900000066
0|1104571221|900000066|5
0|1104571221|10|900000067
0|1104571221|900000067|9
0|1104571221|9|900000068
0|1104571221|900000068|8
0|1104571221|8|900000069
0|1104571221|900000069|5
0|1104571221|5|900000070
0|1104571221|900000070|4
0|1104571221|4|900000071
0|1104571221|900000071|3
0|1104571221|15|900000072
0|1104571221|900000072|14
0|1104571221|14|900000073
0|1104571221|900000073|13
0|1104571221|18|900000074
0|1104571221|900000074|17
0|1104571221|17|900000075
0|1104571221|900000075|16
0|1104571221|16|900000076
0|1104571221|900000076|13
0|1104571221|13|900000077
0|1104571221|900000077|12
0|1104571221|12|900000078
0|1104571221|900000078|11
0|1104571221|11|900000079
0|1104571221|900000079|3
0|1104571221|3|900000080
0|1104571221|900000080|2
0|1104571221|2|900000081
0|1104571221|900000081|1
0|1104571221|23|900000082
0|1104571221|900000082|22
0|1104571221|22|900000083
0|1104571221|900000083|21
0|1104571221|26|900000084
0|1104571221|900000084|25
0|1104571221|25|900000085
0|1104571221|900000085|24
0|1104571221|24|900000086
0|1104571221|900000086|21
0|1104571221|21|900000087
0|1104571221|900000087|20
0|1104571221|20|900000088
0|1104571221|900000088|19
0|1104571221|19|900000089
0|1104571221|900000089|1
0|1104571221|1|900000090
0|1104571221|900000090|0
0|1104571221|0|900000091
0|1104571221|900000091|27
0|774994582|7|900000102
0|774994582|900000102|6
0|774994582|6|900000103
0|774994582|900000103|5
0|774994582|10|900000104
0|774994582|900000104|9
0|774994582|9|900000105
0|774994582|900000105|8
0|774994582|8|900000106
0|774994582|900000106|5
0|774994582|5|900000107
0|774994582|900000107|4
0|774994582|4|900000108
0|774994582|900000108|3
0|774994582|15|900000109
0|774994582|900000109|14
0|774994582|14|900000110
0|774994582|900000110|13
0|774994582|18|900000111
0|774994582|900000111|17
0|774994582|17|900000112
0|774994582|900000112|16
0|774994582|16|900000113
0|774994582|900000113|13
0|774994582|13|900000114
0|774994582|900000114|12
0|774994582|12|900000115
0|774994582|900000115|11
0|774994582|11|900000116
0|774994582|900000116|3
0|774994582|3|900000117
0|774994582|900000117|2
0|774994582|2|900000118
0|774994582|900000118|1
0|774994582|23|900000119
0|774994582|900000119|22
0|774994582|22|900000120
0|774994582|900000120|21
0|774994582|26|900000121
0|774994582|900000121|25
0|774994582|25|900000122
0|774994582|900000122|24
0|774994582|24|900000123
0|774994582|900000123|21
0|774994582|21|900000124
0|774994582|900000124|20
0|774994582|20|900000125
0|774994582|900000125|19
0|774994582|19|900000126
0|774994582|900000126|1
0|774994582|1|900000127
0|774994582|900000127|0
0|774994582|0|900000128
0|774994582|900000128|27
0|939152422|0|900000129
0|939152422|900000129|1
0|1277817979|0|900000130
0|1277817979|900000130|1
0|1052114613|0|900000131
0|1052114613|900000131|1
0|956902657|1|900000000
0|956902657|900000000|0
0|956902657|0|900000001
0|956902657|900000001|2
0|1094681156|0|900000002
0|1094681156|900000002|1
0|1905940853|0|900000003
0|1905940853|900000003|1
0|1403207523|1|900000004
0|1403207523|900000004|0
0|1403207523|0|900000005
0|1403207523|900000005|2
0|658268352|7|900000008
0|658268352|900000008|6
0|658268352|6|900000009
0|658268352|900000009|5
0|658268352|8|900000010
0|658268352|900000010|5
0|658268352|5|900000011
0|658268352|900000011|4
0|658268352|4|900000012
0|658268352|900000012|3
0|658268352|3|900000013
0|658268352|900000013|2
0|658268352|2|900000014
0|658268352|900000014|1
0|658268352|1|900000015
0|658268352|900000015|0
0|658268352|0|900000016
0|658268352|900000016|9
0|1125168705|7|900000027
0|1125168705|900000027|6
0|1125168705|6|900000028
0|1125168705|900000028|5
0|1125168705|10|900000029
0|1125168705|900000029|9
0|1125168705|9|900000030
0|1125168705|900000030|8
0|1125168705|8|900000031
0|1125168705|900000031|5
0|1125168705|5|900000032
0|1125168705|900000032|4
0|1125168705|4|900000033
0|1125168705|900000033|3
0|1125168705|14|900000034
0|1125168705|900000034|13
0|1125168705|13|900000035
0|1125168705|900000035|12
0|1125168705|17|900000036
0|1125168705|900000036|16
0|1125168705|16|900000037
0|1125168705|900000037|15
0|1125168705|15|900000038
0|1125168705|900000038|12
0|1125168705|12|900000039
0|1125168705|900000039|11
0|1125168705|11|900000040
0|1125168705|900000040|3
0|1125168705|3|900000041
0|1125168705|900000041|2
0|1125168705|2|900000042
0|1125168705|900000042|1
0|1125168705|21|900000043
0|1125168705|900000043|20
0|1125168705|20|900000044
0|1125168705|900000044|19
0|1125168705|24|900000045
0|1125168705|900000045|23
0|1125168705|23|900000046
0|1125168705|900000046|22
0|1125168705|22|900000047
0|1125168705|900000047|19
0|1125168705|19|900000048
0|1125168705|900000048|18
0|1125168705|18|900000049
0|1125168705|900000049|1
0|1125168705|1|900000050
0|1125168705|900000050|0
0|1125168705|0|900000051
0|1125168705|900000051|25
0|646197542|7|900000062
0|646197542|900000062|6
0|646197542|6|900000063
0|646197542|900000063|5
0|646197542|10|900000064
0|646197542|900000064|9
0|646197542|9|900000065
0|646197542|900000065|8
0|646197542|8|900000066
0|646197542|900000066|5
0|646197542|5|900000067
0|646197542|900000067|4
0|646197542|4|900000068
0|646197542|900000068|3
0|646197542|14|900000069
0|646197542|900000069|13
0|646197542|13|900000070
0|646197542|900000070|12
0|646197542|17|900000071
0|646197542|900000071|16
0|646197542|16|900000072
0|646197542|900000072|15
0|646197542|15|900000073
0|646197542|900000073|12
0|646197542|12|900000074
0|646197542|900000074|11
0|646197542|11|900000075
0|646197542|900000075|3
0|646197542|3|900000076
0|646197542|900000076|2
0|646197542|2|900000077
0|646197542|900000077|1
0|646197542|21|900000078
0|646197542|900000078|20
0|646197542|20|900000079
0|646197542|900000079|19
0|646197542|24|900000080
0|646197542|900000080|23
0|646197542|23|900000081
0|646197542|900000081|22
0|646197542|22|900000082
0|646197542|900000082|19
0|646197542|19|900000083
0|646197542|900000083|18
0|646197542|18|900000084
0|646197542|900000084|1
0|646197542|1|900000085
0|646197542|900000085|0
0|646197542|0|900000086
0|646197542|900000086|25
0|897742379|7|900000097
0|897742379|900000097|6
0|897742379|6|900000098
0|897742379|900000098|5
0|897742379|10|900000099
0|897742379|900000099|9
0|897742379|9|900000100
0|897742379|900000100|8
0|897742379|8|900000101
0|897742379|900000101|5
0|897742379|5|900000102
0|897742379|900000102|4
0|897742379|4|900000103
0|897742379|900000103|3
0|897742379|14|900000104
0|897742379|900000104|13
0|897742379|13|900000105
0|897742379|900000105|12
0|897742379|17|900000106
0|897742379|900000106|16
0|897742379|16|900000107
0|897742379|900000107|15
0|897742379|15|900000108
0|897742379|900000108|12
0|897742379|12|900000109
0|897742379|900000109|11
0|897742379|11|900000110
0|897742379|900000110|3
0|897742379|3|900000111
0|897742379|900000111|2
0|897742379|2|900000112
0|897742379|900000112|1
0|897742379|21|900000113
0|897742379|900000113|20
0|897742379|20|900000114
0|897742379|900000114|19
0|897742379|24|900000115
0|897742379|900000115|23
0|897742379|23|900000116
0|897742379|900000116|22
0|897742379|22|900000117
0|897742379|900000117|19
0|897742379|19|900000118
0|897742379|900000118|18
0|897742379|18|900000119
0|897742379|900000119|1
0|897742379|1|900000120
0|897742379|900000120|0
0|897742379|0|900000121
0|897742379|900000121|25
0|1975915324|0|900000000
0|1975915324|900000000|1
0|514676148|1|900000001
0|514676148|900000001|0
0|514676148|0|900000002
0|514676148|900000002|2
0|1541591015|7|900000005
0|1541591015|900000005|6
0|1541591015|6|900000006
0|1541591015|900000006|5
0|1541591015|8|900000007
0|1541591015|900000007|5
0|1541591015|5|900000008
0|1541591015|900000008|4
0|1541591015|4|900000009
0|1541591015|900000009|3
0|1541591015|3|900000010
0|1541591015|900000010|2
0|1541591015|2|900000011
0|1541591015|900000011|1
0|1541591015|1|900000012
0|1541591015|900000012|0
0|1541591015|0|900000013
0|1541591015|900000013|9
0|2089456205|7|900000024
0|2089456205|900000024|6
0|2089456205|6|900000025
0|2089456205|900000025|5
0|2089456205|10|900000026
0|2089456205|900000026|9
0|2089456205|9|900000027
0|2089456205|900000027|8
0|2089456205|8|900000028
0|2089456205|900000028|5
0|2089456205|5|900000029
0|2089456205|900000029|4
0|2089456205|4|900000030
0|2089456205|900000030|3
0|2089456205|14|900000031
0|2089456205|900000031|13
0|2089456205|13|900000032
0|2089456205|900000032|12
0|2089456205|17|900000033
0|2089456205|900000033|16
0|2089456205|16|900000034
0|2089456205|900000034|15
0|2089456205|15|900000035
0|2089456205|900000035|12
0|2089456205|12|900000036
0|2089456205|900000036|11
0|2089456205|11|900000037
0|2089456205|900000037|3
0|2089456205|3|900000038
0|2089456205|900000038|2
0|2089456205|2|900000039
0|2089456205|900000039|1
0|2089456205|21|900000040
0|2089456205|900000040|20
0|2089456205|20|900000041
0|2089456205|900000041|19
0|2089456205|24|900000042
0|2089456205|900000042|23
0|2089456205|23|900000043
0|2089456205|900000043|22
0|2089456205|22|900000044
0|2089456205|900000044|19
0|2089456205|19|900000045
0|2089456205|900000045|18
0|2089456205|18|900000046
0|2089456205|900000046|1
0|2089456205|1|900000047
0|2089456205|900000047|0
0|2089456205|0|900000048
0|2089456205|900000048|25
0|1647893093|0|900000000
0|1647893093|900000000|1
0|1738123106|1|900000001
0|1738123106|900000001|0
0|1738123106|0|900000002
0|1738123106|900000002|2
0|330972566|7|900000005
0|330972566|900000005|6
0|330972566|6|900000006
0|330972566|900000006|5
0|330972566|8|900000007
0|330972566|900000007|5
0|330972566|5|900000008
0|330972566|900000008|4
0|330972566|4|900000009
0|330972566|900000009|3
0|330972566|3|900000010
0|330972566|900000010|2
0|330972566|2|900000011
0|330972566|900000011|1
0|330972566|1|900000012
0|330972566|900000012|0
0|330972566|0|900000013
0|330972566|900000013|9
0|542982622|7|900000024
0|542982622|900000024|6
0|542982622|6|900000025
0|542982622|900000025|5
0|542982622|10|900000026
0|542982622|900000026|9
0|542982622|9|900000027
0|542982622|900000027|8
0|542982622|8|900000028
0|542982622|900000028|5
0|542982622|5|900000029
0|542982622|900000029|4
0|542982622|4|900000030
0|542982622|900000030|3
0|542982622|14|900000031
0|542982622|900000031|13
0|542982622|13|900000032
0|542982622|900000032|12
0|542982622|17|900000033
0|542982622|900000033|16
0|542982622|16|900000034
0|542982622|900000034|15
0|542982622|15|900000035
0|542982622|900000035|12
0|542982622|12|900000036
0|542982622|900000036|11
0|542982622|11|900000037
0|542982622|900000037|3
0|542982622|3|900000038
0|542982622|900000038|2
0|542982622|2|900000039
0|542982622|900000039|1
0|542982622|21|900000040
0|542982622|900000040|20
0|542982622|20|900000041
0|542982622|900000041|19
0|542982622|24|900000042
0|542982622|900000042|23
0|542982622|23|900000043
0|542982622|900000043|22
0|542982622|22|900000044
0|542982622|900000044|19
0|542982622|19|900000045
0|542982622|900000045|18
0|542982622|18|900000046
0|542982622|900000046|1
0|542982622|1|900000047
0|542982622|900000047|0
0|542982622|0|900000048
0|542982622|900000048|25
0|977682029|0|900000000
0|977682029|900000000|1
0|1465208788|1|900000001
0|1465208788|900000001|0
0|1465208788|0|900000002
0|1465208788|900000002|2
0|1157879718|7|900000005
0|1157879718|900000005|6
0|1157879718|6|900000006
0|1157879718|900000006|5
0|1157879718|8|900000007
0|1157879718|900000007|5
0|1157879718|5|900000008
0|1157879718|900000008|4
0|1157879718|4|900000009
0|1157879718|900000009|3
0|1157879718|3|900000010
0|1157879718|900000010|2
0|1157879718|2|900000011
0|1157879718|900000011|1
0|1157879718|1|900000012
0|1157879718|900000012|0
0|1157879718|0|900000013
0|1157879718|900000013|9
0|2108157482|7|900000024
0|2108157482|900000024|6
0|2108157482|6|900000025
0|2108157482|900000025|5
0|2108157482|10|900000026
0|2108157482|900000026|9
0|2108157482|9|900000027
0|2108157482|900000027|8
0|2108157482|8|900000028
0|2108157482|900000028|5
0|2108157482|5|900000029
0|2108157482|900000029|4
0|2108157482|4|900000030
0|2108157482|900000030|3
0|2108157482|14|900000031
0|2108157482|900000031|13
0|2108157482|13|900000032
0|2108157482|900000032|12
0|2108157482|17|900000033
0|2108157482|900000033|16
0|2108157482|16|900000034
0|2108157482|900000034|15
0|2108157482|15|900000035
0|2108157482|900000035|12
0|2108157482|12|900000036
0|2108157482|900000036|11
0|2108157482|11|900000037
0|2108157482|900000037|3
0|2108157482|3|900000038
0|2108157482|900000038|2
0|2108157482|2|900000039
0|2108157482|900000039|1
0|2108157482|21|900000040
0|2108157482|900000040|20
0|2108157482|20|900000041
0|2108157482|900000041|19
0|2108157482|24|900000042
0|2108157482|900000042|23
0|2108157482|23|900000043
0|2108157482|900000043|22
0|2108157482|22|900000044
0|2108157482|900000044|19
0|2108157482|19|900000045
0|2108157482|900000045|18
0|2108157482|18|900000046
0|2108157482|900000046|1
0|2108157482|1|900000047
0|2108157482|900000047|0
0|2108157482|0|900000048
0|2108157482|900000048|25
0|856455710|0|900000000
0|856455710|900000000|1
0|1749988245|1|900000001
0|1749988245|900000001|0
0|1749988245|0|900000002
0|1749988245|900000002|2
0|833039264|7|900000005
0|833039264|900000005|6
0|833039264|6|900000006
0|833039264|900000006|5
0|833039264|8|900000007
0|833039264|900000007|5
0|833039264|5|900000008
0|833039264|900000008|4
0|833039264|4|900000009
0|833039264|900000009|3
0|833039264|3|900000010
0|833039264|900000010|2
0|833039264|2|900000011
0|833039264|900000011|1
0|833039264|1|900000012
0|833039264|900000012|0
0|833039264|0|900000013
0|833039264|900000013|9
0|2088326716|7|900000024
0|2088326716|900000024|6
0|2088326716|6|900000025
0|2088326716|900000025|5
0|2088326716|10|900000026
0|2088326716|900000026|9
0|2088326716|9|900000027
0|2088326716|900000027|8
0|2088326716|8|900000028
0|2088326716|900000028|5
0|2088326716|5|900000029
0|2088326716|900000029|4
0|2088326716|4|900000030
0|2088326716|900000030|3
0|2088326716|14|900000031
0|2088326716|900000031|13
0|2088326716|13|900000032
0|2088326716|900000032|12
0|2088326716|17|900000033
0|2088326716|900000033|16
0|2088326716|16|900000034
0|2088326716|900000034|15
0|2088326716|15|900000035
0|2088326716|900000035|12
0|2088326716|12|900000036
0|2088326716|900000036|11
0|2088326716|11|900000037
0|2088326716|900000037|3
0|2088326716|3|900000038
0|2088326716|900000038|2
0|2088326716|2|900000039
0|2088326716|900000039|1
0|2088326716|21|900000040
0|2088326716|900000040|20
0|2088326716|20|900000041
0|2088326716|900000041|19
0|2088326716|24|900000042
0|2088326716|900000042|23
0|2088326716|23|900000043
0|2088326716|900000043|22
0|2088326716|22|900000044
0|2088326716|900000044|19
0|2088326716|19|900000045
0|2088326716|900000045|18
0|2088326716|18|900000046
0|2088326716|900000046|1
0|2088326716|1|900000047
0|2088326716|900000047|0
0|2088326716|0|900000048
0|2088326716|900000048|25
0|1925108786|0|900000000
0|1925108786|900000000|1
0|1574110637|1|900000001
0|1574110637|900000001|0
0|1574110637|0|900000002
0|1574110637|900000002|2
0|2135962316|7|900000005
0|2135962316|900000005|6
0|2135962316|6|900000006
0|2135962316|900000006|5
0|2135962316|8|900000007
0|2135962316|900000007|5
0|2135962316|5|900000008
0|2135962316|900000008|4
0|2135962316|4|900000009
0|2135962316|900000009|3
0|2135962316|3|900000010
0|2135962316|900000010|2
0|2135962316|2|900000011
0|2135962316|900000011|1
0|2135962316|1|900000012
0|2135962316|900000012|0
0|2135962316|0|900000013
0|2135962316|900000013|9
0|382028620|7|900000024
0|382028620|900000024|6
0|382028620|6|900000025
0|382028620|900000025|5
0|382028620|10|900000026
0|382028620|900000026|9
0|382028620|9|900000027
0|382028620|900000027|8
0|382028620|8|900000028
0|382028620|900000028|5
0|382028620|5|900000029
0|382028620|900000029|4
0|382028620|4|900000030
0|382028620|900000030|3
0|382028620|14|900000031
0|382028620|900000031|13
0|382028620|13|900000032
0|382028620|900000032|12
0|382028620|17|900000033
0|382028620|900000033|16
0|382028620|16|900000034
0|382028620|900000034|15
0|382028620|15|900000035
0|382028620|900000035|12
0|382028620|12|900000036
0|382028620|900000036|11
0|382028620|11|900000037
0|382028620|900000037|3
0|382028620|3|900000038
0|382028620|900000038|2
0|382028620|2|900000039
0|382028620|900000039|1
0|382028620|21|900000040
0|382028620|900000040|20
0|382028620|20|900000041
0|382028620|900000041|19
0|382028620|24|900000042
0|382028620|900000042|23
0|382028620|23|900000043
0|382028620|900000043|22
0|382028620|22|900000044
0|382028620|900000044|19
0|382028620|19|900000045
0|382028620|900000045|18
0|382028620|18|900000046
0|382028620|900000046|1
0|382028620|1|900000047
0|382028620|900000047|0
0|382028620|0|900000048
0|382028620|900000048|25
0|1971701031|0|900000000
0|1971701031|900000000|1
0|1931807010|1|900000001
0|1931807010|900000001|0
0|1931807010|0|900000002
0|1931807010|900000002|2
0|2018067361|7|900000005
0|2018067361|900000005|6
0|2018067361|6|900000006
0|2018067361|900000006|5
0|2018067361|8|900000007
0|2018067361|900000007|5
0|2018067361|5|900000008
0|2018067361|900000008|4
0|2018067361|4|900000009
0|2018067361|900000009|3
0|2018067361|3|900000010
0|2018067361|900000010|2
0|2018067361|2|900000011
0|2018067361|900000011|1
0|2018067361|1|900000012
0|2018067361|900000012|0
0|2018067361|0|900000013
0|2018067361|900000013|9
0|1579281807|7|900000024
0|1579281807|900000024|6
0|1579281807|6|900000025
0|1579281807|900000025|5
0|1579281807|10|900000026
0|1579281807|900000026|9
0|1579281807|9|900000027
0|1579281807|900000027|8
0|1579281807|8|900000028
0|1579281807|900000028|5
0|1579281807|5|900000029
0|1579281807|900000029|4
0|1579281807|4|900000030
0|1579281807|900000030|3
0|1579281807|14|900000031
0|1579281807|900000031|13
0|1579281807|13|900000032
0|1579281807|900000032|12
0|1579281807|17|900000033
0|1579281807|900000033|16
0|1579281807|16|900000034
0|1579281807|900000034|15
0|1579281807|15|900000035
0|1579281807|900000035|12
0|1579281807|12|900000036
0|1579281807|900000036|11
0|1579281807|11|900000037
0|1579281807|900000037|3
0|1579281807|3|900000038
0|1579281807|900000038|2
0|1579281807|2|900000039
0|1579281807|900000039|1
0|1579281807|21|900000040
0|1579281807|900000040|20
0|1579281807|20|900000041
0|1579281807|900000041|19
0|1579281807|24|900000042
0|1579281807|900000042|23
0|1579281807|23|900000043
0|1579281807|900000043|22
0|1579281807|22|900000044
0|1579281807|900000044|19
0|1579281807|19|900000045
0|1579281807|900000045|18
0|1579281807|18|900000046
0|1579281807|900000046|1
0|1579281807|1|900000047
0|1579281807|900000047|0
0|1579281807|0|900000048
0|1579281807|900000048|25
0|1113508476|0|900000000
0|1113508476|900000000|1
0|1607483707|1|900000001
0|1607483707|900000001|0
0|1607483707|0|900000002
0|1607483707|900000002|2
0|1924642755|7|900000005
0|1924642755|900000005|6
0|1924642755|6|900000006
0|1924642755|900000006|5
0|1924642755|8|900000007
0|1924642755|900000007|5
0|1924642755|5|900000008
0|1924642755|900000008|4
0|1924642755|4|900000009
0|1924642755|900000009|3
0|1924642755|3|900000010
0|1924642755|900000010|2
0|1924642755|2|900000011
0|1924642755|900000011|1
0|1924642755|1|900000012
0|1924642755|900000012|0
0|1924642755|0|900000013
0|1924642755|900000013|9
0|229911393|7|900000024
0|229911393|900000024|6
0|229911393|6|900000025
0|229911393|900000025|5
0|229911393|10|900000026
0|229911393|900000026|9
0|229911393|9|900000027
0|229911393|900000027|8
0|229911393|8|900000028
0|229911393|900000028|5
0|229911393|5|900000029
0|229911393|900000029|4
0|229911393|4|900000030
0|229911393|900000030|3
0|229911393|14|900000031
0|229911393|900000031|13
0|229911393|13|900000032
0|229911393|900000032|12
0|229911393|17|900000033
0|229911393|900000033|16
0|229911393|16|900000034
0|229911393|900000034|15
0|229911393|15|900000035
0|229911393|900000035|12
0|229911393|12|900000036
0|229911393|900000036|11
0|229911393|11|900000037
0|229911393|900000037|3
0|229911393|3|900000038
0|229911393|900000038|2
0|229911393|2|900000039
0|229911393|900000039|1
0|229911393|21|900000040
0|229911393|900000040|20
0|229911393|20|900000041
0|229911393|900000041|19
0|229911393|24|900000042
0|229911393|900000042|23
0|229911393|23|900000043
0|229911393|900000043|22
0|229911393|22|900000044
0|229911393|900000044|19
0|229911393|19|900000045
0|229911393|900000045|18
0|229911393|18|900000046
0|229911393|900000046|1
0|229911393|1|900000047
0|229911393|900000047|0
0|229911393|0|900000048
0|229911393|900000048|25
0|415821325|0|900000000
0|415821325|900000000|1
0|1557954377|1|900000001
0|1557954377|900000001|0
0|1557954377|0|900000002
0|1557954377|900000002|2
0|852479330|7|900000005
0|852479330|900000005|6
0|852479330|6|900000006
0|852479330|900000006|5
0|852479330|8|900000007
0|852479330|900000007|5
0|852479330|5|900000008
0|852479330|900000008|4
0|852479330|4|900000009
0|852479330|900000009|3
0|852479330|3|900000010
0|852479330|900000010|2
0|852479330|2|900000011
0|852479330|900000011|1
0|852479330|1|900000012
0|852479330|900000012|0
0|852479330|0|900000013
0|852479330|900000013|9
0|35301750|7|900000024
0|35301750|900000024|6
0|35301750|6|900000025
0|35301750|900000025|5
0|35301750|10|900000026
0|35301750|900000026|9
0|35301750|9|900000027
0|35301750|900000027|8
0|35301750|8|900000028
0|35301750|900000028|5
0|35301750|5|900000029
0|35301750|900000029|4
0|35301750|4|900000030
0|35301750|900000030|3
0|35301750|14|900000031
0|35301750|900000031|13
0|35301750|13|900000032
0|35301750|900000032|12
0|35301750|17|900000033
0|35301750|900000033|16
0|35301750|16|900000034
0|35301750|900000034|15
0|35301750|15|900000035
0|35301750|900000035|12
0|35301750|12|900000036
0|35301750|900000036|11
0|35301750|11|900000037
0|35301750|900000037|3
0|35301750|3|900000038
0|35301750|900000038|2
0|35301750|2|900000039
0|35301750|900000039|1
0|35301750|21|900000040
0|35301750|900000040|20
0|35301750|20|900000041
0|35301750|900000041|19
0|35301750|24|900000042
0|35301750|900000042|23
0|35301750|23|900000043
0|35301750|900000043|22
0|35301750|22|900000044
0|35301750|900000044|19
0|35301750|19|900000045
0|35301750|900000045|18
0|35301750|18|900000046
0|35301750|900000046|1
0|35301750|1|900000047
0|35301750|900000047|0
0|35301750|0|900000048
0|35301750|900000048|25
0|152909327|0|900000000
0|152909327|900000000|1
0|1686503592|1|900000001
0|1686503592|900000001|0
0|1686503592|0|900000002
0|1686503592|900000002|2
0|414110297|7|900000005
0|414110297|900000005|6
0|414110297|6|900000006
0|414110297|900000006|5
0|414110297|8|900000007
0|414110297|900000007|5
0|414110297|5|900000008
0|414110297|900000008|4
0|414110297|4|900000009
0|414110297|900000009|3
0|414110297|3|900000010
0|414110297|900000010|2
0|414110297|2|900000011
0|414110297|900000011|1
0|414110297|1|900000012
0|414110297|900000012|0
0|414110297|0|900000013
0|414110297|900000013|9
0|437718124|7|900000024
0|437718124|900000024|6
0|437718124|6|900000025
0|437718124|900000025|5
0|437718124|10|900000026
0|437718124|900000026|9
0|437718124|9|900000027
0|437718124|900000027|8
0|437718124|8|900000028
0|437718124|900000028|5
0|437718124|5|900000029
0|437718124|900000029|4
0|437718124|4|900000030
0|437718124|900000030|3
0|437718124|14|900000031
0|437718124|900000031|13
0|437718124|13|900000032
0|437718124|900000032|12
0|437718124|17|900000033
0|437718124|900000033|16
0|437718124|16|900000034
0|437718124|900000034|15
0|437718124|15|900000035
0|437718124|900000035|12
0|437718124|12|900000036
0|437718124|900000036|11
0|437718124|11|900000037
0|437718124|900000037|3
0|437718124|3|900000038
0|437718124|900000038|2
0|437718124|2|900000039
0|437718124|900000039|1
0|437718124|21|900000040
0|437718124|900000040|20
0|437718124|20|900000041
0|437718124|900000041|19
0|437718124|24|900000042
0|437718124|900000042|23
0|437718124|23|900000043
0|437718124|900000043|22
0|437718124|22|900000044
0|437718124|900000044|19
0|437718124|19|900000045
0|437718124|900000045|18
0|437718124|18|900000046
0|437718124|900000046|1
0|437718124|1|900000047
0|437718124|900000047|0
0|437718124|0|900000048
0|437718124|900000048|25
0|1444747685|0|900000000
0|1444747685|900000000|1
0|329411306|1|900000001
0|329411306|900000001|0
0|329411306|0|900000002
0|329411306|900000002|2
0|1579369193|7|900000005
0|1579369193|900000005|6
0|1579369193|6|900000006
0|1579369193|900000006|5
0|1579369193|8|900000007
0|1579369193|900000007|5
0|1579369193|5|900000008
0|1579369193|900000008|4
0|1579369193|4|900000009
0|1579369193|900000009|3
0|1579369193|3|900000010
0|1579369193|900000010|2
0|1579369193|2|900000011
0|1579369193|900000011|1
0|1579369193|1|900000012
0|1579369193|900000012|0
0|1579369193|0|900000013
0|1579369193|900000013|9
0|549904313|7|900000024
0|549904313|900000024|6
0|549904313|6|900000025
0|549904313|900000025|5
0|549904313|10|900000026
0|549904313|900000026|9
0|549904313|9|900000027
0|549904313|900000027|8
0|549904313|8|900000028
0|549904313|900000028|5
0|549904313|5|900000029
0|549904313|900000029|4
0|549904313|4|900000030
0|549904313|900000030|3
0|549904313|14|900000031
0|549904313|900000031|13
0|549904313|13|900000032
0|549904313|900000032|12
0|549904313|17|900000033
0|549904313|900000033|16
0|549904313|16|900000034
0|549904313|900000034|15
0|549904313|15|900000035
0|549904313|900000035|12
0|549904313|12|900000036
0|549904313|900000036|11
0|549904313|11|900000037
0|549904313|900000037|3
0|549904313|3|900000038
0|549904313|900000038|2
0|549904313|2|900000039
0|549904313|900000039|1
0|549904313|21|900000040
0|549904313|900000040|20
0|549904313|20|900000041
0|549904313|900000041|19
0|549904313|24|900000042
0|549904313|900000042|23
0|549904313|23|900000043
0|549904313|900000043|22
0|549904313|22|900000044
0|549904313|900000044|19
0|549904313|19|900000045
0|549904313|900000045|18
0|549904313|18|900000046
0|549904313|900000046|1
0|549904313|1|900000047
0|549904313|900000047|0
0|549904313|0|900000048
0|549904313|900000048|25
0|358736069|0|900000000
0|358736069|900000000|1
0|963833654|0|900000000
0|963833654|900000000|1
0|1946583160|1|900000001
0|1946583160|900000001|0
0|1946583160|0|900000002
0|1946583160|900000002|2
0|2057623223|5|900000003
0|2057623223|900000003|4
0|2057623223|4|900000004
0|2057623223|900000004|3
0|2057623223|3|900000005
0|2057623223|900000005|2
0|2057623223|2|900000006
0|2057623223|900000006|1
0|2057623223|1|900000007
0|2057623223|900000007|0
0|2057623223|0|900000008
0|2057623223|900000008|6
0|853684896|7|900000019
0|853684896|900000019|6
0|853684896|6|900000020
0|853684896|900000020|5
0|853684896|10|900000021
0|853684896|900000021|9
0|853684896|9|900000022
0|853684896|900000022|8
0|853684896|8|900000023
0|853684896|900000023|5
0|853684896|5|900000024
0|853684896|900000024|4
0|853684896|4|900000025
0|853684896|900000025|3
0|853684896|14|900000026
0|853684896|900000026|13
0|853684896|13|900000027
0|853684896|900000027|12
0|853684896|17|900000028
0|853684896|900000028|16
0|853684896|16|900000029
0|853684896|900000029|15
0|853684896|15|900000030
0|853684896|900000030|12
0|853684896|12|900000031
0|853684896|900000031|11
0|853684896|11|900000032
0|853684896|900000032|3
0|853684896|3|900000033
0|853684896|900000033|2
0|853684896|2|900000034
0|853684896|900000034|1
0|853684896|21|900000035
0|853684896|900000035|20
0|853684896|20|900000036
0|853684896|900000036|19
0|853684896|24|900000037
0|853684896|900000037|23
0|853684896|23|900000038
0|853684896|900000038|22
0|853684896|22|900000039
0|853684896|900000039|19
0|853684896|19|900000040
0|853684896|900000040|18
0|853684896|18|900000041
0|853684896|900000041|1
0|853684896|1|900000042
0|853684896|900000042|0
0|853684896|0|900000043
0|853684896|900000043|25
0|183715198|5|900000044
0|183715198|900000044|4
0|183715198|4|900000045
0|183715198|900000045|3
0|183715198|3|900000046
0|183715198|900000046|2
0|183715198|2|900000047
0|183715198|900000047|1
0|183715198|1|900000048
0|183715198|900000048|0
0|183715198|0|900000049
0|183715198|900000049|6
0|1605343998|7|900000060
0|1605343998|900000060|6
0|1605343998|6|900000061
0|1605343998|900000061|5
0|1605343998|10|900000062
0|1605343998|900000062|9
0|1605343998|9|900000063
0|1605343998|900000063|8
0|1605343998|8|900000064
0|1605343998|900000064|5
0|1605343998|5|900000065
0|1605343998|900000065|4
0|1605343998|4|900000066
0|1605343998|900000066|3
0|1605343998|14|900000067
0|1605343998|900000067|13
0|1605343998|13|900000068
0|1605343998|900000068|12
0|1605343998|17|900000069
0|1605343998|900000069|16
0|1605343998|16|900000070
0|1605343998|900000070|15
0|1605343998|15|900000071
0|1605343998|900000071|12
0|1605343998|12|900000072
0|1605343998|900000072|11
0|1605343998|11|900000073
0|1605343998|900000073|3
0|1605343998|3|900000074
0|1605343998|900000074|2
0|1605343998|2|900000075
0|1605343998|900000075|1
0|1605343998|21|900000076
0|1605343998|900000076|20
0|1605343998|20|900000077
0|1605343998|900000077|19
0|1605343998|24|900000078
0|1605343998|900000078|23
0|1605343998|23|900000079
0|1605343998|900000079|22
0|1605343998|22|900000080
0|1605343998|900000080|19
0|1605343998|19|900000081
0|1605343998|900000081|18
0|1605343998|18|900000082
0|1605343998|900000082|1
0|1605343998|1|900000083
0|1605343998|900000083|0
0|1605343998|0|900000084
0|1605343998|900000084|25
0|1173902758|0|900000000
0|1173902758|900000000|1
0|765053204|1|900000001
0|765053204|900000001|0
0|765053204|0|900000002
0|765053204|900000002|2
0|300041446|5|900000003
0|300041446|900000003|4
0|300041446|4|900000004
0|300041446|900000004|3
0|300041446|3|900000005
0|300041446|900000005|2
0|300041446|2|900000006
0|300041446|900000006|1
0|300041446|1|900000007
0|300041446|900000007|0
0|300041446|0|900000008
0|300041446|900000008|6
0|444706206|1|900000009
0|444706206|900000009|0
0|444706206|0|900000010
0|444706206|900000010|2
0|1162842570|1|900000011
0|1162842570|900000011|0
0|1162842570|0|900000012
0|1162842570|900000012|2
0|947211952|1|900000013
0|947211952|900000013|0
0|947211952|0|900000014
0|947211952|900000014|2
0|1902268630|1|900000015
0|1902268630|900000015|0
0|1902268630|0|900000016
0|1902268630|900000016|2
0|240295868|1|900000017
0|240295868|900000017|0
0|240295868|0|900000018
0|240295868|900000018|2
0|347323402|0|900000019
0|347323402|900000019|1
0|818361040|0|900000000
0|818361040|900000000|1
0|1432274935|1|900000001
0|1432274935|900000001|0
0|1432274935|0|900000002
0|1432274935|900000002|2
0|1207528431|5|900000003
0|1207528431|900000003|4
0|1207528431|4|900000004
0|1207528431|900000004|3
0|1207528431|3|900000005
0|1207528431|900000005|2
0|1207528431|2|900000006
0|1207528431|900000006|1
0|1207528431|1|900000007
0|1207528431|900000007|0
0|1207528431|0|900000008
0|1207528431|900000008|6
0|648277331|7|900000019
0|648277331|900000019|6
0|648277331|6|900000020
0|648277331|900000020|5
0|648277331|10|900000021
0|648277331|900000021|9
0|648277331|9|900000022
0|648277331|900000022|8
0|648277331|8|900000023
0|648277331|900000023|5
0|648277331|5|900000024
0|648277331|900000024|4
0|648277331|4|900000025
0|648277331|900000025|3
0|648277331|14|900000026
0|648277331|900000026|13
0|648277331|13|900000027
0|648277331|900000027|12
0|648277331|17|900000028
0|648277331|900000028|16
0|648277331|16|900000029
0|648277331|900000029|15
0|648277331|15|900000030
0|648277331|900000030|12
0|648277331|12|900000031
0|648277331|900000031|11
0|648277331|11|900000032
0|648277331|900000032|3
0|648277331|3|900000033
0|648277331|900000033|2
0|648277331|2|900000034
0|648277331|900000034|1
0|648277331|21|900000035
0|648277331|900000035|20
0|648277331|20|900000036
0|648277331|900000036|19
0|648277331|24|900000037
0|648277331|900000037|23
0|648277331|23|900000038
0|648277331|900000038|22
0|648277331|22|900000039
0|648277331|900000039|19
0|648277331|19|900000040
0|648277331|900000040|18
0|648277331|18|900000041
0|648277331|900000041|1
0|648277331|1|900000042
0|648277331|900000042|0
0|648277331|0|900000043
0|648277331|900000043|25
0|2105922407|1|900000044
0|2105922407|900000044|0
0|2105922407|0|900000045
0|2105922407|900000045|2
0|1056193611|0|900000046
0|1056193611|900000046|1
0|593579623|0|900000047
0|593579623|900000047|1
0|1732284967|0|900000048
0|1732284967|900000048|1
0|1586113165|0|900000049
0|1586113165|900000049|1
0|49092725|7|900000060
0|49092725|900000060|6
0|49092725|6|900000061
0|49092725|900000061|5
0|49092725|10|900000062
0|49092725|900000062|9
0|49092725|9|900000063
0|49092725|900000063|8
0|49092725|8|900000064
0|49092725|900000064|5
0|49092725|5|900000065
0|49092725|900000065|4
0|49092725|4|900000066
0|49092725|900000066|3
0|49092725|14|900000067
0|49092725|900000067|13
0|49092725|13|900000068
0|49092725|900000068|12
0|49092725|17|900000069
0|49092725|900000069|16
0|49092725|16|900000070
0|49092725|900000070|15
0|49092725|15|900000071
0|49092725|900000071|12
0|49092725|12|900000072
0|49092725|900000072|11
0|49092725|11|900000073
0|49092725|900000073|3
0|49092725|3|900000074
0|49092725|900000074|2
0|49092725|2|900000075
0|49092725|900000075|1
0|49092725|21|900000076
0|49092725|900000076|20
0|49092725|20|900000077
0|49092725|900000077|19
0|49092725|24|900000078
0|49092725|900000078|23
0|49092725|23|900000079
0|49092725|900000079|22
0|49092725|22|900000080
0|49092725|900000080|19
0|49092725|19|900000081
0|49092725|900000081|18
0|49092725|18|900000082
0|49092725|900000082|1
0|49092725|1|900000083
0|49092725|900000083|0
0|49092725|0|900000084
0|49092725|900000084|25
0|1951756580|7|900000095
0|1951756580|900000095|6
0|1951756580|6|900000096
0|1951756580|900000096|5
0|1951756580|10|900000097
0|1951756580|900000097|9
0|1951756580|9|900000098
0|1951756580|900000098|8
0|1951756580|8|900000099
0|1951756580|900000099|5
0|1951756580|5|900000100
0|1951756580|900000100|4
0|1951756580|4|900000101
0|1951756580|900000101|3
0|1951756580|14|900000102
0|1951756580|900000102|13
0|1951756580|13|900000103
0|1951756580|900000103|12
0|1951756580|17|900000104
0|1951756580|900000104|16
0|1951756580|16|900000105
0|1951756580|900000105|15
0|1951756580|15|900000106
0|1951756580|900000106|12
0|1951756580|12|900000107
0|1951756580|900000107|11
0|1951756580|11|900000108
0|1951756580|900000108|3
0|1951756580|3|900000109
0|1951756580|900000109|2
0|1951756580|2|900000110
0|1951756580|900000110|1
0|1951756580|21|900000111
0|1951756580|900000111|20
0|1951756580|20|900000112
0|1951756580|900000112|19
0|1951756580|24|900000113
0|1951756580|900000113|23
0|1951756580|23|900000114
0|1951756580|900000114|22
0|1951756580|22|900000115
0|1951756580|900000115|19
0|1951756580|19|900000116
0|1951756580|900000116|18
0|1951756580|18|900000117
0|1951756580|900000117|1
0|1951756580|1|900000118
0|1951756580|900000118|0
0|1951756580|0|900000119
0|1951756580|900000119|25
0|1328921933|7|900000130
0|1328921933|900000130|6
0|1328921933|6|900000131
0|1328921933|900000131|5
0|1328921933|10|900000132
0|1328921933|900000132|9
0|1328921933|9|900000133
0|1328921933|900000133|8
0|1328921933|8|900000134
0|1328921933|900000134|5
0|1328921933|5|900000135
0|1328921933|900000135|4
0|1328921933|4|900000136
0|1328921933|900000136|3
0|1328921933|14|900000137
0|1328921933|900000137|13
0|1328921933|13|900000138
0|1328921933|900000138|12
0|1328921933|17|900000139
0|1328921933|900000139|16
0|1328921933|16|900000140
0|1328921933|900000140|15
0|1328921933|15|900000141
0|1328921933|900000141|12
0|1328921933|12|900000142
0|1328921933|900000142|11
0|1328921933|11|900000143
0|1328921933|900000143|3
0|1328921933|3|900000144
0|1328921933|900000144|2
0|1328921933|2|900000145
0|1328921933|900000145|1
0|1328921933|21|900000146
0|1328921933|900000146|20
0|1328921933|20|900000147
0|1328921933|900000147|19
0|1328921933|24|900000148
0|1328921933|900000148|23
0|1328921933|23|900000149
0|1328921933|900000149|22
0|1328921933|22|900000150
0|1328921933|900000150|19
0|1328921933|19|900000151
0|1328921933|900000151|18
0|1328921933|18|900000152
0|1328921933|900000152|1
0|1328921933|1|900000153
0|1328921933|900000153|0
0|1328921933|0|900000154
0|1328921933|900000154|25
0|469054669|7|900000165
0|469054669|900000165|6
0|469054669|6|900000166
0|469054669|900000166|5
0|469054669|10|900000167
0|469054669|900000167|9
0|469054669|9|900000168
0|469054669|900000168|8
0|469054669|8|900000169
0|469054669|900000169|5
0|469054669|5|900000170
0|469054669|900000170|4
0|469054669|4|900000171
0|469054669|900000171|3
0|469054669|14|900000172
0|469054669|900000172|13
0|469054669|13|900000173
0|469054669|900000173|12
0|469054669|17|900000174
0|469054669|900000174|16
0|469054669|16|900000175
0|469054669|900000175|15
0|469054669|15|900000176
0|469054669|900000176|12
0|469054669|12|900000177
0|469054669|900000177|11
0|469054669|11|900000178
0|469054669|900000178|3
0|469054669|3|900000179
0|469054669|900000179|2
0|469054669|2|900000180
0|469054669|900000180|1
0|469054669|21|900000181
0|469054669|900000181|20
0|469054669|20|900000182
0|469054669|900000182|19
0|469054669|24|900000183
0|469054669|900000183|23
0|469054669|23|900000184
0|469054669|900000184|22
0|469054669|22|900000185
0|469054669|900000185|19
0|469054669|19|900000186
0|469054669|900000186|18
0|469054669|18|900000187
0|469054669|900000187|1
0|469054669|1|900000188
0|469054669|900000188|0
0|469054669|0|900000189
0|469054669|900000189|25
0|401349189|7|900000200
0|401349189|900000200|6
0|401349189|6|900000201
0|401349189|900000201|5
0|401349189|10|900000202
0|401349189|900000202|9
0|401349189|9|900000203
0|401349189|900000203|8
0|401349189|8|900000204
0|401349189|900000204|5
0|401349189|5|900000205
0|401349189|900000205|4
0|401349189|4|900000206
0|401349189|900000206|3
0|401349189|14|900000207
0|401349189|900000207|13
0|401349189|13|900000208
0|401349189|900000208|12
0|401349189|17|900000209
0|401349189|900000209|16
0|401349189|16|900000210
0|401349189|900000210|15
0|401349189|15|900000211
0|401349189|900000211|12
0|401349189|12|900000212
0|401349189|900000212|11
0|401349189|11|900000213
0|401349189|900000213|3
0|401349189|3|900000214
0|401349189|900000214|2
0|401349189|2|900000215
0|401349189|900000215|1
0|401349189|21|900000216
0|401349189|900000216|20
0|401349189|20|900000217
0|401349189|900000217|19
0|401349189|24|900000218
0|401349189|900000218|23
0|401349189|23|900000219
0|401349189|900000219|22
0|401349189|22|900000220
0|401349189|900000220|19
0|401349189|19|900000221
0|401349189|900000221|18
0|401349189|18|900000222
0|401349189|900000222|1
0|401349189|1|900000223
0|401349189|900000223|0
0|401349189|0|900000224
0|401349189|900000224|25
0|20160823|7|900000235
0|20160823|900000235|6
0|20160823|6|900000236
0|20160823|900000236|5
0|20160823|10|900000237
0|20160823|900000237|9
0|20160823|9|900000238
0|20160823|900000238|8
0|20160823|8|900000239
0|20160823|900000239|5
0|20160823|5|900000240
0|20160823|900000240|4
0|20160823|4|900000241
0|20160823|900000241|3
0|20160823|14|900000242
0|20160823|900000242|13
0|20160823|13|900000243
0|20160823|900000243|12
0|20160823|17|900000244
0|20160823|900000244|16
0|20160823|16|900000245
0|20160823|900000245|15
0|20160823|15|900000246
0|20160823|900000246|12
0|20160823|12|900000247
0|20160823|900000247|11
0|20160823|11|900000248
0|20160823|900000248|3
0|20160823|3|900000249
0|20160823|900000249|2
0|20160823|2|900000250
0|20160823|900000250|1
0|20160823|21|900000251
0|20160823|900000251|20
0|20160823|20|900000252
0|20160823|900000252|19
0|20160823|24|900000253
0|20160823|900000253|23
0|20160823|23|900000254
0|20160823|900000254|22
0|20160823|22|900000255
0|20160823|900000255|19
0|20160823|19|900000256
0|20160823|900000256|18
0|20160823|18|900000257
0|20160823|900000257|1
0|20160823|1|900000258
0|20160823|900000258|0
0|20160823|0|900000259
0|20160823|900000259|25
0|2146159995|7|900000270
0|2146159995|900000270|6
0|2146159995|6|900000271
0|2146159995|900000271|5
0|2146159995|10|900000272
0|2146159995|900000272|9
0|2146159995|9|900000273
0|2146159995|900000273|8
0|2146159995|8|900000274
0|2146159995|900000274|5
0|2146159995|5|900000275
0|2146159995|900000275|4
0|2146159995|4|900000276
0|2146159995|900000276|3
0|2146159995|14|900000277
0|2146159995|900000277|13
0|2146159995|13|900000278
0|2146159995|900000278|12
0|2146159995|17|900000279
0|2146159995|900000279|16
0|2146159995|16|900000280
0|2146159995|900000280|15
0|2146159995|15|900000281
0|2146159995|900000281|12
0|2146159995|12|900000282
0|2146159995|900000282|11
0|2146159995|11|900000283
0|2146159995|900000283|3
0|2146159995|3|900000284
0|2146159995|900000284|2
0|2146159995|2|900000285
0|2146159995|900000285|1
0|2146159995|21|900000286
0|2146159995|900000286|20
0|2146159995|20|900000287
0|2146159995|900000287|19
0|2146159995|24|900000288
0|2146159995|900000288|23
0|2146159995|23|900000289
0|2146159995|900000289|22
0|2146159995|22|900000290
0|2146159995|900000290|19
0|2146159995|19|900000291
0|2146159995|900000291|18
0|2146159995|18|900000292
0|2146159995|900000292|1
0|2146159995|1|900000293
0|2146159995|900000293|0
0|2146159995|0|900000294
0|2146159995|900000294|25
0|2053090956|7|900000305
0|2053090956|900000305|6
0|2053090956|6|900000306
0|2053090956|900000306|5
0|2053090956|10|900000307
0|2053090956|900000307|9
0|2053090956|9|900000308
0|2053090956|900000308|8
0|2053090956|8|900000309
0|2053090956|900000309|5
0|2053090956|5|900000310
0|2053090956|900000310|4
0|2053090956|4|900000311
0|2053090956|900000311|3
0|2053090956|14|900000312
0|2053090956|900000312|13
0|2053090956|13|900000313
0|2053090956|900000313|12
0|2053090956|17|900000314
0|2053090956|900000314|16
0|2053090956|16|900000315
0|2053090956|900000315|15
0|2053090956|15|900000316
0|2053090956|900000316|12
0|2053090956|12|900000317
0|2053090956|900000317|11
0|2053090956|11|900000318
0|2053090956|900000318|3
0|2053090956|3|900000319
0|2053090956|900000319|2
0|2053090956|2|900000320
0|2053090956|900000320|1
0|2053090956|21|900000321
0|2053090956|900000321|20
0|2053090956|20|900000322
0|2053090956|900000322|19
0|2053090956|24|900000323
0|2053090956|900000323|23
0|2053090956|23|900000324
0|2053090956|900000324|22
0|2053090956|22|900000325
0|2053090956|900000325|19
0|2053090956|19|900000326
0|2053090956|900000326|18
0|2053090956|18|900000327
0|2053090956|900000327|1
0|2053090956|1|900000328
0|2053090956|900000328|0
0|2053090956|0|900000329
0|2053090956|900000329|25
0|75625468|11|900000340
0|75625468|900000340|10
0|75625468|10|900000341
0|75625468|900000341|9
0|75625468|14|900000342
0|75625468|900000342|13
0|75625468|13|900000343
0|75625468|900000343|12
0|75625468|12|900000344
0|75625468|900000344|9
0|75625468|9|900000345
0|75625468|900000345|8
0|75625468|8|900000346
0|75625468|900000346|7
0|75625468|18|900000347
0|75625468|900000347|17
0|75625468|17|900000348
0|75625468|900000348|16
0|75625468|21|900000349
0|75625468|900000349|20
0|75625468|20|900000350
0|75625468|900000350|19
0|75625468|19|900000351
0|75625468|900000351|16
0|75625468|16|900000352
0|75625468|900000352|15
0|75625468|15|900000353
0|75625468|900000353|7
0|75625468|7|900000354
0|75625468|900000354|6
0|75625468|6|900000355
0|75625468|900000355|5
0|75625468|25|900000356
0|75625468|900000356|24
0|75625468|24|900000357
0|75625468|900000357|23
0|75625468|28|900000358
0|75625468|900000358|27
0|75625468|27|900000359
0|75625468|900000359|26
0|75625468|26|900000360
0|75625468|900000360|23
0|75625468|23|900000361
0|75625468|900000361|22
0|75625468|22|900000362
0|75625468|900000362|5
0|75625468|5|900000363
0|75625468|900000363|4
0|75625468|4|900000364
0|75625468|900000364|3
0|75625468|3|900000365
0|75625468|900000365|2
0|75625468|3|900000366
0|75625468|900000366|2
0|75625468|2|900000367
0|75625468|900000367|1
0|75625468|2|900000368
0|75625468|900000368|1
0|75625468|2|900000369
0|75625468|900000369|1
0|75625468|2|900000370
0|75625468|900000370|1
0|75625468|2|900000371
0|75625468|900000371|1
0|75625468|2|900000372
0|75625468|900000372|1
0|75625468|2|900000373
0|75625468|900000373|1
0|75625468|2|900000374
0|75625468|900000374|1
0|75625468|1|900000375
0|75625468|900000375|0
0|75625468|0|900000376
0|75625468|900000376|29
0|474476924|0|900000000
0|474476924|900000000|1
0|318267768|1|900000001
0|318267768|900000001|0
0|318267768|0|900000002
0|318267768|900000002|2
0|1205070198|5|900000003
0|1205070198|900000003|4
0|1205070198|4|900000004
0|1205070198|900000004|3
0|1205070198|3|900000005
0|1205070198|900000005|2
0|1205070198|2|900000006
0|1205070198|900000006|1
0|1205070198|1|900000007
0|1205070198|900000007|0
0|1205070198|0|900000008
0|1205070198|900000008|6
0|1942726832|7|900000019
0|1942726832|900000019|6
0|1942726832|6|900000020
0|1942726832|900000020|5
0|1942726832|10|900000021
0|1942726832|900000021|9
0|1942726832|9|900000022
0|1942726832|900000022|8
0|1942726832|8|900000023
0|1942726832|900000023|5
0|1942726832|5|900000024
0|1942726832|900000024|4
0|1942726832|4|900000025
0|1942726832|900000025|3
0|1942726832|14|900000026
0|1942726832|900000026|13
0|1942726832|13|900000027
0|1942726832|900000027|12
0|1942726832|17|900000028
0|1942726832|900000028|16
0|1942726832|16|900000029
0|1942726832|900000029|15
0|1942726832|15|900000030
0|1942726832|900000030|12
0|1942726832|12|900000031
0|1942726832|900000031|11
0|1942726832|11|900000032
0|1942726832|900000032|3
0|1942726832|3|900000033
0|1942726832|900000033|2
0|1942726832|2|900000034
0|1942726832|900000034|1
0|1942726832|21|900000035
0|1942726832|900000035|20
0|1942726832|20|900000036
0|1942726832|900000036|19
0|1942726832|24|900000037
0|1942726832|900000037|23
0|1942726832|23|900000038
0|1942726832|900000038|22
0|1942726832|22|900000039
0|1942726832|900000039|19
0|1942726832|19|900000040
0|1942726832|900000040|18
0|1942726832|18|900000041
0|1942726832|900000041|1
0|1942726832|1|900000042
0|1942726832|900000042|0
0|1942726832|0|900000043
0|1942726832|900000043|25
0|784019348|1|900000044
0|784019348|900000044|0
0|784019348|0|900000045
0|784019348|900000045|2
0|1212133554|11|900000056
0|1212133554|900000056|10
0|1212133554|10|900000057
0|1212133554|900000057|9
0|1212133554|14|900000058
0|1212133554|900000058|13
0|1212133554|13|900000059
0|1212133554|900000059|12
0|1212133554|12|900000060
0|1212133554|900000060|9
0|1212133554|9|900000061
0|1212133554|900000061|8
0|1212133554|8|900000062
0|1212133554|900000062|7
0|1212133554|18|900000063
0|1212133554|900000063|17
0|1212133554|17|900000064
0|1212133554|900000064|16
0|1212133554|21|900000065
0|1212133554|900000065|20
0|1212133554|20|900000066
0|1212133554|900000066|19
0|1212133554|19|900000067
0|1212133554|900000067|16
0|1212133554|16|900000068
0|1212133554|900000068|15
0|1212133554|15|900000069
0|1212133554|900000069|7
0|1212133554|7|900000070
0|1212133554|900000070|6
0|1212133554|6|900000071
0|1212133554|900000071|5
0|1212133554|25|900000072
0|1212133554|900000072|24
0|1212133554|24|900000073
0|1212133554|900000073|23
0|1212133554|28|900000074
0|1212133554|900000074|27
0|1212133554|27|900000075
0|1212133554|900000075|26
0|1212133554|26|900000076
0|1212133554|900000076|23
0|1212133554|23|900000077
0|1212133554|900000077|22
0|1212133554|22|900000078
0|1212133554|900000078|5
0|1212133554|5|900000079
0|1212133554|900000079|4
0|1212133554|4|900000080
0|1212133554|900000080|3
0|1212133554|3|900000081
0|1212133554|900000081|2
0|1212133554|3|900000082
0|1212133554|900000082|2
0|1212133554|2|900000083
0|1212133554|900000083|1
0|1212133554|2|900000084
0|1212133554|900000084|1
0|1212133554|2|900000085
0|1212133554|900000085|1
0|1212133554|2|900000086
0|1212133554|900000086|1
0|1212133554|2|900000087
0|1212133554|900000087|1
0|1212133554|2|900000088
0|1212133554|900000088|1
0|1212133554|2|900000089
0|1212133554|900000089|1
0|1212133554|2|900000090
0|1212133554|900000090|1
0|1212133554|1|900000091
0|1212133554|900000091|0
0|1212133554|0|900000092
0|1212133554|900000092|29
